<?xml version="1.0" encoding="UTF-8"?>
<robot generator="Robot 7.4.1 (Python 3.13.7 on win32)" generated="2026-01-21T10:57:49.924407" rpa="false" schemaversion="5">
<suite id="s1" name="Open Application" source="C:\Users\Niral.Shah\PycharmProjects\robotframewrok\Tests\Open_Application.robot">
<test id="s1-t1" name="Login" line="6">
<kw name="Open Samsung Application" owner="android-res">
<msg time="2026-01-21T10:57:50.222114" level="TRACE">Arguments: [  ]</msg>
<kw name="Open Application" owner="AppiumLibrary">
<msg time="2026-01-21T10:57:50.222643" level="TRACE">Arguments: [ 'http://127.0.0.1:4723' | platformName='Android' | deviceName='emulator-5554' | appPackage='com.samsung.android.oneconnect' | appActivity='com.samsung.android.oneconnect.ui.SCMainActivity' | automationName='UiAutomator2' ]</msg>
<msg time="2026-01-21T10:57:50.223090" level="DEBUG">POST http://127.0.0.1:4723/session {'capabilities': {'firstMatch': [{}], 'alwaysMatch': {'platformName': 'Android', 'appium:deviceName': 'emulator-5554', 'appium:appPackage': 'com.samsung.android.oneconnect', 'appium:appActivity': 'com.samsung.android.oneconnect.ui.SCMainActivity', 'appium:automationName': 'UiAutomator2'}}}</msg>
<msg time="2026-01-21T10:57:50.223390" level="DEBUG">Starting new HTTP connection (1): 127.0.0.1:4723</msg>
<msg time="2026-01-21T10:57:55.836397" level="DEBUG">http://127.0.0.1:4723 "POST /session HTTP/1.1" 200 0</msg>
<msg time="2026-01-21T10:57:55.836753" level="DEBUG">Remote response: status=200 | data={"value":{"capabilities":{"platformName":"Android","deviceName":"emulator-5554","appPackage":"com.samsung.android.oneconnect","appActivity":"com.samsung.android.oneconnect.ui.SCMainActivity","automationName":"UiAutomator2","platform":"LINUX","webStorageEnabled":false,"takesScreenshot":true,"javascriptEnabled":true,"databaseEnabled":false,"networkConnectionEnabled":true,"locationContextEnabled":false,"warnings":{},"desired":{"platformName":"Android","deviceName":"emulator-5554","appPackage":"com.samsung.android.oneconnect","appActivity":"com.samsung.android.oneconnect.ui.SCMainActivity","automationName":"UiAutomator2"},"deviceUDID":"emulator-5554","pixelRatio":"3","statBarHeight":156,"viewportRect":{"left":0,"top":156,"width":1280,"height":2700},"deviceApiLevel":36,"platformVersion":"16","deviceManufacturer":"Google","deviceModel":"sdk_gphone64_x86_64","deviceScreenSize":"1280x2856","deviceScreenDensity":480},"sessionId":"4cbd7744-1dc6-4af6-9012-bf9c7086eb59"}} | headers=HTTPHeaderDict({'X-Powered-By': 'Express', 'Vary': 'X-HTTP-Method-Override', 'Content-Type': 'application/json; charset=utf-8', 'Content-Length': '974', 'ETag': 'W/"3ce-SVLghqmiwR+pHj0fEkqnsiSQtow"', 'Date': 'Wed, 21 Jan 2026 05:27:55 GMT', 'Connection': 'keep-alive', 'Keep-Alive': 'timeout=600'})</msg>
<msg time="2026-01-21T10:57:55.836900" level="DEBUG">Finished Request</msg>
<msg time="2026-01-21T10:57:55.838757" level="DEBUG">Opened application with session id 4cbd7744-1dc6-4af6-9012-bf9c7086eb59</msg>
<msg time="2026-01-21T10:57:55.838868" level="TRACE">Return: 1</msg>
<arg>http://127.0.0.1:4723</arg>
<arg>platformName=Android</arg>
<arg>deviceName=emulator-5554</arg>
<arg>appPackage=com.samsung.android.oneconnect</arg>
<arg>appActivity=com.samsung.android.oneconnect.ui.SCMainActivity</arg>
<arg>automationName=UiAutomator2</arg>
<doc>Opens a new application to the given Appium server.
Capabilities of appium server, Android and iOS,
Please check https://appium.io/docs/en/2.19/guides/caps/
| *Option*            | *Man.* | *Description*     |
| remote_url          | Yes    | Appium server url |
| alias               | No     | alias             |</doc>
<status status="PASS" start="2026-01-21T10:57:50.222531" elapsed="5.616419"/>
</kw>
<msg time="2026-01-21T10:57:55.839099" level="TRACE">Return: None</msg>
<status status="PASS" start="2026-01-21T10:57:50.221949" elapsed="5.617199"/>
</kw>
<kw name="Skip Instruction" owner="android-res">
<msg time="2026-01-21T10:57:55.839847" level="TRACE">Arguments: [  ]</msg>
<kw name="Click Element" owner="AppiumLibrary">
<msg time="2026-01-21T10:57:55.840097" level="TRACE">Arguments: [ 'id=com.samsung.android.oneconnect:id/intro_allow_button' ]</msg>
<msg time="2026-01-21T10:57:55.840927" level="INFO">Clicking element 'id=com.samsung.android.oneconnect:id/intro_allow_button'.</msg>
<msg time="2026-01-21T10:57:55.841078" level="DEBUG">POST http://127.0.0.1:4723/session/4cbd7744-1dc6-4af6-9012-bf9c7086eb59/elements {'using': 'id', 'value': 'com.samsung.android.oneconnect:id/intro_allow_button'}</msg>
<msg time="2026-01-21T10:57:55.841526" level="DEBUG">Starting new HTTP connection (1): 127.0.0.1:4723</msg>
<msg time="2026-01-21T10:57:56.456763" level="DEBUG">http://127.0.0.1:4723 "POST /session/4cbd7744-1dc6-4af6-9012-bf9c7086eb59/elements HTTP/1.1" 200 0</msg>
<msg time="2026-01-21T10:57:56.456960" level="DEBUG">Remote response: status=200 | data={"value":[{"element-6066-11e4-a52e-4f735466cecf":"00000000-0000-006b-ffff-ffff0000006b","ELEMENT":"00000000-0000-006b-ffff-ffff0000006b"}]} | headers=HTTPHeaderDict({'X-Powered-By': 'Express', 'Vary': 'X-HTTP-Method-Override', 'Content-Type': 'application/json; charset=utf-8', 'Content-Length': '139', 'ETag': 'W/"8b-Sk2HcRsm7z2vhLCJMGAoedGP6IM"', 'Date': 'Wed, 21 Jan 2026 05:27:56 GMT', 'Connection': 'keep-alive', 'Keep-Alive': 'timeout=600'})</msg>
<msg time="2026-01-21T10:57:56.457048" level="DEBUG">Finished Request</msg>
<msg time="2026-01-21T10:57:56.457373" level="DEBUG">POST http://127.0.0.1:4723/session/4cbd7744-1dc6-4af6-9012-bf9c7086eb59/element/00000000-0000-006b-ffff-ffff0000006b/click {}</msg>
<msg time="2026-01-21T10:57:56.457800" level="DEBUG">Starting new HTTP connection (1): 127.0.0.1:4723</msg>
<msg time="2026-01-21T10:57:57.409208" level="DEBUG">http://127.0.0.1:4723 "POST /session/4cbd7744-1dc6-4af6-9012-bf9c7086eb59/element/00000000-0000-006b-ffff-ffff0000006b/click HTTP/1.1" 200 0</msg>
<msg time="2026-01-21T10:57:57.409391" level="DEBUG">Remote response: status=200 | data={"value":null} | headers=HTTPHeaderDict({'X-Powered-By': 'Express', 'Vary': 'X-HTTP-Method-Override', 'Content-Type': 'application/json; charset=utf-8', 'Content-Length': '14', 'ETag': 'W/"e-9/1BuKMgFObM1mWJm+YjxtXJnUM"', 'Date': 'Wed, 21 Jan 2026 05:27:57 GMT', 'Connection': 'keep-alive', 'Keep-Alive': 'timeout=600'})</msg>
<msg time="2026-01-21T10:57:57.409476" level="DEBUG">Finished Request</msg>
<msg time="2026-01-21T10:57:57.409785" level="INFO">criteria is com.samsung.android.oneconnect:id/intro_allow_button</msg>
<msg time="2026-01-21T10:57:57.409861" level="TRACE">Return: None</msg>
<arg>${Instruction-Continue-Button}</arg>
<doc>Clicks the element identified by ``locator``.</doc>
<status status="PASS" start="2026-01-21T10:57:55.839998" elapsed="1.569927"/>
</kw>
<kw name="Click Element" owner="AppiumLibrary">
<msg time="2026-01-21T10:57:57.410243" level="TRACE">Arguments: [ 'com.samsung.android.oneconnect:id/global_permission_allow_button' ]</msg>
<msg time="2026-01-21T10:57:57.411136" level="INFO">Clicking element 'com.samsung.android.oneconnect:id/global_permission_allow_button'.</msg>
<msg time="2026-01-21T10:57:57.411273" level="DEBUG">POST http://127.0.0.1:4723/session/4cbd7744-1dc6-4af6-9012-bf9c7086eb59/elements {'using': 'id', 'value': 'com.samsung.android.oneconnect:id/global_permission_allow_button'}</msg>
<msg time="2026-01-21T10:57:57.411546" level="DEBUG">Starting new HTTP connection (1): 127.0.0.1:4723</msg>
<msg time="2026-01-21T10:57:57.450988" level="DEBUG">http://127.0.0.1:4723 "POST /session/4cbd7744-1dc6-4af6-9012-bf9c7086eb59/elements HTTP/1.1" 200 0</msg>
<msg time="2026-01-21T10:57:57.451140" level="DEBUG">Remote response: status=200 | data={"value":[{"element-6066-11e4-a52e-4f735466cecf":"00000000-0000-006b-ffff-ffff00000065","ELEMENT":"00000000-0000-006b-ffff-ffff00000065"}]} | headers=HTTPHeaderDict({'X-Powered-By': 'Express', 'Vary': 'X-HTTP-Method-Override', 'Content-Type': 'application/json; charset=utf-8', 'Content-Length': '139', 'ETag': 'W/"8b-nypq9Baf1zN92rN1XcqA26+wm78"', 'Date': 'Wed, 21 Jan 2026 05:27:57 GMT', 'Connection': 'keep-alive', 'Keep-Alive': 'timeout=600'})</msg>
<msg time="2026-01-21T10:57:57.451617" level="DEBUG">Finished Request</msg>
<msg time="2026-01-21T10:57:57.452015" level="DEBUG">POST http://127.0.0.1:4723/session/4cbd7744-1dc6-4af6-9012-bf9c7086eb59/element/00000000-0000-006b-ffff-ffff00000065/click {}</msg>
<msg time="2026-01-21T10:57:57.452457" level="DEBUG">Starting new HTTP connection (1): 127.0.0.1:4723</msg>
<msg time="2026-01-21T10:57:57.506225" level="DEBUG">http://127.0.0.1:4723 "POST /session/4cbd7744-1dc6-4af6-9012-bf9c7086eb59/element/00000000-0000-006b-ffff-ffff00000065/click HTTP/1.1" 200 0</msg>
<msg time="2026-01-21T10:57:57.506524" level="DEBUG">Remote response: status=200 | data={"value":null} | headers=HTTPHeaderDict({'X-Powered-By': 'Express', 'Vary': 'X-HTTP-Method-Override', 'Content-Type': 'application/json; charset=utf-8', 'Content-Length': '14', 'ETag': 'W/"e-9/1BuKMgFObM1mWJm+YjxtXJnUM"', 'Date': 'Wed, 21 Jan 2026 05:27:57 GMT', 'Connection': 'keep-alive', 'Keep-Alive': 'timeout=600'})</msg>
<msg time="2026-01-21T10:57:57.506750" level="DEBUG">Finished Request</msg>
<msg time="2026-01-21T10:57:57.507056" level="INFO">criteria is com.samsung.android.oneconnect:id/global_permission_allow_button</msg>
<msg time="2026-01-21T10:57:57.507123" level="TRACE">Return: None</msg>
<arg>${Instruction-More-Button}</arg>
<doc>Clicks the element identified by ``locator``.</doc>
<status status="PASS" start="2026-01-21T10:57:57.410096" elapsed="0.097104"/>
</kw>
<kw name="Click Element" owner="AppiumLibrary">
<msg time="2026-01-21T10:57:57.507708" level="TRACE">Arguments: [ '//android.widget.Button[@resource-id="com.samsung.android.oneconnect:id/global_permission_allow_button"]' ]</msg>
<msg time="2026-01-21T10:57:57.509033" level="INFO">Clicking element '//android.widget.Button[@resource-id="com.samsung.android.oneconnect:id/global_permission_allow_button"]'.</msg>
<msg time="2026-01-21T10:57:57.509196" level="DEBUG">POST http://127.0.0.1:4723/session/4cbd7744-1dc6-4af6-9012-bf9c7086eb59/elements {'using': 'xpath', 'value': '//android.widget.Button[@resource-id="com.samsung.android.oneconnect:id/global_permission_allow_butt...'}</msg>
<msg time="2026-01-21T10:57:57.509523" level="DEBUG">Starting new HTTP connection (1): 127.0.0.1:4723</msg>
<msg time="2026-01-21T10:57:58.585497" level="DEBUG">http://127.0.0.1:4723 "POST /session/4cbd7744-1dc6-4af6-9012-bf9c7086eb59/elements HTTP/1.1" 200 0</msg>
<msg time="2026-01-21T10:57:58.586014" level="DEBUG">Remote response: status=200 | data={"value":[{"element-6066-11e4-a52e-4f735466cecf":"00000000-0000-006b-ffff-ffff00000065","ELEMENT":"00000000-0000-006b-ffff-ffff00000065"}]} | headers=HTTPHeaderDict({'X-Powered-By': 'Express', 'Vary': 'X-HTTP-Method-Override', 'Content-Type': 'application/json; charset=utf-8', 'Content-Length': '139', 'ETag': 'W/"8b-nypq9Baf1zN92rN1XcqA26+wm78"', 'Date': 'Wed, 21 Jan 2026 05:27:58 GMT', 'Connection': 'keep-alive', 'Keep-Alive': 'timeout=600'})</msg>
<msg time="2026-01-21T10:57:58.586092" level="DEBUG">Finished Request</msg>
<msg time="2026-01-21T10:57:58.586453" level="DEBUG">POST http://127.0.0.1:4723/session/4cbd7744-1dc6-4af6-9012-bf9c7086eb59/element/00000000-0000-006b-ffff-ffff00000065/click {}</msg>
<msg time="2026-01-21T10:57:58.586815" level="DEBUG">Starting new HTTP connection (1): 127.0.0.1:4723</msg>
<msg time="2026-01-21T10:57:58.648823" level="DEBUG">http://127.0.0.1:4723 "POST /session/4cbd7744-1dc6-4af6-9012-bf9c7086eb59/element/00000000-0000-006b-ffff-ffff00000065/click HTTP/1.1" 200 0</msg>
<msg time="2026-01-21T10:57:58.649045" level="DEBUG">Remote response: status=200 | data={"value":null} | headers=HTTPHeaderDict({'X-Powered-By': 'Express', 'Vary': 'X-HTTP-Method-Override', 'Content-Type': 'application/json; charset=utf-8', 'Content-Length': '14', 'ETag': 'W/"e-9/1BuKMgFObM1mWJm+YjxtXJnUM"', 'Date': 'Wed, 21 Jan 2026 05:27:58 GMT', 'Connection': 'keep-alive', 'Keep-Alive': 'timeout=600'})</msg>
<msg time="2026-01-21T10:57:58.649102" level="DEBUG">Finished Request</msg>
<msg time="2026-01-21T10:57:58.649312" level="INFO">xpath criteria: //android.widget.Button[@resource-id="com.samsung.android.oneconnect:id/global_permission_allow_button"]</msg>
<msg time="2026-01-21T10:57:58.649364" level="TRACE">Return: None</msg>
<arg>${Instruction-Continue-Button1}</arg>
<doc>Clicks the element identified by ``locator``.</doc>
<status status="PASS" start="2026-01-21T10:57:57.507474" elapsed="1.141935"/>
</kw>
<kw name="Wait Until Element Is Visible" owner="AppiumLibrary">
<msg time="2026-01-21T10:57:58.649828" level="TRACE">Arguments: [ 'id=com.samsung.android.oneconnect:id/cancel' ]</msg>
<msg time="2026-01-21T10:57:58.650009" level="DEBUG">POST http://127.0.0.1:4723/session/4cbd7744-1dc6-4af6-9012-bf9c7086eb59/elements {'using': 'id', 'value': 'com.samsung.android.oneconnect:id/cancel'}</msg>
<msg time="2026-01-21T10:57:58.650344" level="DEBUG">Starting new HTTP connection (1): 127.0.0.1:4723</msg>
<msg time="2026-01-21T10:57:58.882083" level="DEBUG">http://127.0.0.1:4723 "POST /session/4cbd7744-1dc6-4af6-9012-bf9c7086eb59/elements HTTP/1.1" 200 0</msg>
<msg time="2026-01-21T10:57:58.882416" level="DEBUG">Remote response: status=200 | data={"value":[]} | headers=HTTPHeaderDict({'X-Powered-By': 'Express', 'Vary': 'X-HTTP-Method-Override', 'Content-Type': 'application/json; charset=utf-8', 'Content-Length': '12', 'ETag': 'W/"c-ct3goOI+b+kRZv2R9j2fTtMXwkk"', 'Date': 'Wed, 21 Jan 2026 05:27:58 GMT', 'Connection': 'keep-alive', 'Keep-Alive': 'timeout=600'})</msg>
<msg time="2026-01-21T10:57:58.882548" level="DEBUG">Finished Request</msg>
<msg time="2026-01-21T10:57:59.083462" level="DEBUG">POST http://127.0.0.1:4723/session/4cbd7744-1dc6-4af6-9012-bf9c7086eb59/elements {'using': 'id', 'value': 'com.samsung.android.oneconnect:id/cancel'}</msg>
<msg time="2026-01-21T10:57:59.083821" level="DEBUG">Starting new HTTP connection (1): 127.0.0.1:4723</msg>
<msg time="2026-01-21T10:57:59.480048" level="DEBUG">http://127.0.0.1:4723 "POST /session/4cbd7744-1dc6-4af6-9012-bf9c7086eb59/elements HTTP/1.1" 200 0</msg>
<msg time="2026-01-21T10:57:59.480193" level="DEBUG">Remote response: status=200 | data={"value":[{"element-6066-11e4-a52e-4f735466cecf":"00000000-0000-006c-ffff-ffff00000093","ELEMENT":"00000000-0000-006c-ffff-ffff00000093"}]} | headers=HTTPHeaderDict({'X-Powered-By': 'Express', 'Vary': 'X-HTTP-Method-Override', 'Content-Type': 'application/json; charset=utf-8', 'Content-Length': '139', 'ETag': 'W/"8b-wyL2yxo499xIGDX79m19i8Vfx6E"', 'Date': 'Wed, 21 Jan 2026 05:27:59 GMT', 'Connection': 'keep-alive', 'Keep-Alive': 'timeout=600'})</msg>
<msg time="2026-01-21T10:57:59.480254" level="DEBUG">Finished Request</msg>
<msg time="2026-01-21T10:57:59.480544" level="DEBUG">GET http://127.0.0.1:4723/session/4cbd7744-1dc6-4af6-9012-bf9c7086eb59/element/00000000-0000-006c-ffff-ffff00000093/displayed {}</msg>
<msg time="2026-01-21T10:57:59.480936" level="DEBUG">Starting new HTTP connection (1): 127.0.0.1:4723</msg>
<msg time="2026-01-21T10:57:59.528167" level="DEBUG">http://127.0.0.1:4723 "GET /session/4cbd7744-1dc6-4af6-9012-bf9c7086eb59/element/00000000-0000-006c-ffff-ffff00000093/displayed HTTP/1.1" 200 0</msg>
<msg time="2026-01-21T10:57:59.528358" level="DEBUG">Remote response: status=200 | data={"value":true} | headers=HTTPHeaderDict({'X-Powered-By': 'Express', 'Content-Type': 'application/json; charset=utf-8', 'Content-Length': '14', 'ETag': 'W/"e-2ZHvAWebNQpyjGZTg6uyV8/spTo"', 'Date': 'Wed, 21 Jan 2026 05:27:59 GMT', 'Connection': 'keep-alive', 'Keep-Alive': 'timeout=600'})</msg>
<msg time="2026-01-21T10:57:59.528444" level="DEBUG">Finished Request</msg>
<msg time="2026-01-21T10:57:59.528890" level="INFO">criteria is com.samsung.android.oneconnect:id/cancel
criteria is com.samsung.android.oneconnect:id/cancel</msg>
<msg time="2026-01-21T10:57:59.528964" level="TRACE">Return: None</msg>
<arg>${Instruction-Skip-Button}</arg>
<doc>Waits until the element specified by the ``locator`` is visible.</doc>
<status status="PASS" start="2026-01-21T10:57:58.649664" elapsed="0.879346"/>
</kw>
<kw name="Click Element" owner="AppiumLibrary">
<msg time="2026-01-21T10:57:59.529299" level="TRACE">Arguments: [ 'id=com.samsung.android.oneconnect:id/cancel' ]</msg>
<msg time="2026-01-21T10:57:59.530217" level="INFO">Clicking element 'id=com.samsung.android.oneconnect:id/cancel'.</msg>
<msg time="2026-01-21T10:57:59.530324" level="DEBUG">POST http://127.0.0.1:4723/session/4cbd7744-1dc6-4af6-9012-bf9c7086eb59/elements {'using': 'id', 'value': 'com.samsung.android.oneconnect:id/cancel'}</msg>
<msg time="2026-01-21T10:57:59.530531" level="DEBUG">Starting new HTTP connection (1): 127.0.0.1:4723</msg>
<msg time="2026-01-21T10:57:59.582437" level="DEBUG">http://127.0.0.1:4723 "POST /session/4cbd7744-1dc6-4af6-9012-bf9c7086eb59/elements HTTP/1.1" 200 0</msg>
<msg time="2026-01-21T10:57:59.582591" level="DEBUG">Remote response: status=200 | data={"value":[{"element-6066-11e4-a52e-4f735466cecf":"00000000-0000-006c-ffff-ffff00000093","ELEMENT":"00000000-0000-006c-ffff-ffff00000093"}]} | headers=HTTPHeaderDict({'X-Powered-By': 'Express', 'Vary': 'X-HTTP-Method-Override', 'Content-Type': 'application/json; charset=utf-8', 'Content-Length': '139', 'ETag': 'W/"8b-wyL2yxo499xIGDX79m19i8Vfx6E"', 'Date': 'Wed, 21 Jan 2026 05:27:59 GMT', 'Connection': 'keep-alive', 'Keep-Alive': 'timeout=600'})</msg>
<msg time="2026-01-21T10:57:59.582654" level="DEBUG">Finished Request</msg>
<msg time="2026-01-21T10:57:59.583036" level="DEBUG">POST http://127.0.0.1:4723/session/4cbd7744-1dc6-4af6-9012-bf9c7086eb59/element/00000000-0000-006c-ffff-ffff00000093/click {}</msg>
<msg time="2026-01-21T10:57:59.583331" level="DEBUG">Starting new HTTP connection (1): 127.0.0.1:4723</msg>
<msg time="2026-01-21T10:57:59.675176" level="DEBUG">http://127.0.0.1:4723 "POST /session/4cbd7744-1dc6-4af6-9012-bf9c7086eb59/element/00000000-0000-006c-ffff-ffff00000093/click HTTP/1.1" 200 0</msg>
<msg time="2026-01-21T10:57:59.675461" level="DEBUG">Remote response: status=200 | data={"value":null} | headers=HTTPHeaderDict({'X-Powered-By': 'Express', 'Vary': 'X-HTTP-Method-Override', 'Content-Type': 'application/json; charset=utf-8', 'Content-Length': '14', 'ETag': 'W/"e-9/1BuKMgFObM1mWJm+YjxtXJnUM"', 'Date': 'Wed, 21 Jan 2026 05:27:59 GMT', 'Connection': 'keep-alive', 'Keep-Alive': 'timeout=600'})</msg>
<msg time="2026-01-21T10:57:59.675633" level="DEBUG">Finished Request</msg>
<msg time="2026-01-21T10:57:59.675919" level="INFO">criteria is com.samsung.android.oneconnect:id/cancel</msg>
<msg time="2026-01-21T10:57:59.675981" level="TRACE">Return: None</msg>
<arg>${Instruction-Skip-Button}</arg>
<doc>Clicks the element identified by ``locator``.</doc>
<status status="PASS" start="2026-01-21T10:57:59.529184" elapsed="0.146852"/>
</kw>
<msg time="2026-01-21T10:57:59.676162" level="TRACE">Return: None</msg>
<status status="PASS" start="2026-01-21T10:57:55.839658" elapsed="3.836552"/>
</kw>
<kw name="Allow Permission" owner="android-res">
<msg time="2026-01-21T10:57:59.676955" level="TRACE">Arguments: [  ]</msg>
<kw name="Wait Until Element Is Visible" owner="AppiumLibrary">
<msg time="2026-01-21T10:57:59.677245" level="TRACE">Arguments: [ '//*[contains(@text,"While using the app")]' ]</msg>
<msg time="2026-01-21T10:57:59.677541" level="DEBUG">POST http://127.0.0.1:4723/session/4cbd7744-1dc6-4af6-9012-bf9c7086eb59/elements {'using': 'xpath', 'value': '//*[contains(@text,"While using the app")]'}</msg>
<msg time="2026-01-21T10:57:59.678138" level="DEBUG">Starting new HTTP connection (1): 127.0.0.1:4723</msg>
<msg time="2026-01-21T10:58:00.202972" level="DEBUG">http://127.0.0.1:4723 "POST /session/4cbd7744-1dc6-4af6-9012-bf9c7086eb59/elements HTTP/1.1" 200 0</msg>
<msg time="2026-01-21T10:58:00.203170" level="DEBUG">Remote response: status=200 | data={"value":[]} | headers=HTTPHeaderDict({'X-Powered-By': 'Express', 'Vary': 'X-HTTP-Method-Override', 'Content-Type': 'application/json; charset=utf-8', 'Content-Length': '12', 'ETag': 'W/"c-ct3goOI+b+kRZv2R9j2fTtMXwkk"', 'Date': 'Wed, 21 Jan 2026 05:28:00 GMT', 'Connection': 'keep-alive', 'Keep-Alive': 'timeout=600'})</msg>
<msg time="2026-01-21T10:58:00.203256" level="DEBUG">Finished Request</msg>
<msg time="2026-01-21T10:58:00.403929" level="DEBUG">POST http://127.0.0.1:4723/session/4cbd7744-1dc6-4af6-9012-bf9c7086eb59/elements {'using': 'xpath', 'value': '//*[contains(@text,"While using the app")]'}</msg>
<msg time="2026-01-21T10:58:00.404557" level="DEBUG">Starting new HTTP connection (1): 127.0.0.1:4723</msg>
<msg time="2026-01-21T10:58:01.475409" level="DEBUG">http://127.0.0.1:4723 "POST /session/4cbd7744-1dc6-4af6-9012-bf9c7086eb59/elements HTTP/1.1" 200 0</msg>
<msg time="2026-01-21T10:58:01.475593" level="DEBUG">Remote response: status=200 | data={"value":[{"element-6066-11e4-a52e-4f735466cecf":"00000000-0000-006e-ffff-ffff000000cb","ELEMENT":"00000000-0000-006e-ffff-ffff000000cb"}]} | headers=HTTPHeaderDict({'X-Powered-By': 'Express', 'Vary': 'X-HTTP-Method-Override', 'Content-Type': 'application/json; charset=utf-8', 'Content-Length': '139', 'ETag': 'W/"8b-vNZQOtEdI1kvL8j3cst475Pxmd4"', 'Date': 'Wed, 21 Jan 2026 05:28:01 GMT', 'Connection': 'keep-alive', 'Keep-Alive': 'timeout=600'})</msg>
<msg time="2026-01-21T10:58:01.475682" level="DEBUG">Finished Request</msg>
<msg time="2026-01-21T10:58:01.475963" level="DEBUG">GET http://127.0.0.1:4723/session/4cbd7744-1dc6-4af6-9012-bf9c7086eb59/element/00000000-0000-006e-ffff-ffff000000cb/displayed {}</msg>
<msg time="2026-01-21T10:58:01.476416" level="DEBUG">Starting new HTTP connection (1): 127.0.0.1:4723</msg>
<msg time="2026-01-21T10:58:01.490631" level="DEBUG">http://127.0.0.1:4723 "GET /session/4cbd7744-1dc6-4af6-9012-bf9c7086eb59/element/00000000-0000-006e-ffff-ffff000000cb/displayed HTTP/1.1" 200 0</msg>
<msg time="2026-01-21T10:58:01.490790" level="DEBUG">Remote response: status=200 | data={"value":true} | headers=HTTPHeaderDict({'X-Powered-By': 'Express', 'Content-Type': 'application/json; charset=utf-8', 'Content-Length': '14', 'ETag': 'W/"e-2ZHvAWebNQpyjGZTg6uyV8/spTo"', 'Date': 'Wed, 21 Jan 2026 05:28:01 GMT', 'Connection': 'keep-alive', 'Keep-Alive': 'timeout=600'})</msg>
<msg time="2026-01-21T10:58:01.490852" level="DEBUG">Finished Request</msg>
<msg time="2026-01-21T10:58:01.491046" level="INFO">xpath criteria: //*[contains(@text,"While using the app")]
xpath criteria: //*[contains(@text,"While using the app")]</msg>
<msg time="2026-01-21T10:58:01.491084" level="TRACE">Return: None</msg>
<arg>${Permission-While-Allow}</arg>
<doc>Waits until the element specified by the ``locator`` is visible.</doc>
<status status="PASS" start="2026-01-21T10:57:59.677100" elapsed="1.814021"/>
</kw>
<kw name="Click Element" owner="AppiumLibrary">
<msg time="2026-01-21T10:58:01.491439" level="TRACE">Arguments: [ '//*[contains(@text,"While using the app")]' ]</msg>
<msg time="2026-01-21T10:58:01.492340" level="INFO">Clicking element '//*[contains(@text,"While using the app")]'.</msg>
<msg time="2026-01-21T10:58:01.492453" level="DEBUG">POST http://127.0.0.1:4723/session/4cbd7744-1dc6-4af6-9012-bf9c7086eb59/elements {'using': 'xpath', 'value': '//*[contains(@text,"While using the app")]'}</msg>
<msg time="2026-01-21T10:58:01.492707" level="DEBUG">Starting new HTTP connection (1): 127.0.0.1:4723</msg>
<msg time="2026-01-21T10:58:01.524837" level="DEBUG">http://127.0.0.1:4723 "POST /session/4cbd7744-1dc6-4af6-9012-bf9c7086eb59/elements HTTP/1.1" 200 0</msg>
<msg time="2026-01-21T10:58:01.524983" level="DEBUG">Remote response: status=200 | data={"value":[{"element-6066-11e4-a52e-4f735466cecf":"00000000-0000-006e-ffff-ffff000000cb","ELEMENT":"00000000-0000-006e-ffff-ffff000000cb"}]} | headers=HTTPHeaderDict({'X-Powered-By': 'Express', 'Vary': 'X-HTTP-Method-Override', 'Content-Type': 'application/json; charset=utf-8', 'Content-Length': '139', 'ETag': 'W/"8b-vNZQOtEdI1kvL8j3cst475Pxmd4"', 'Date': 'Wed, 21 Jan 2026 05:28:01 GMT', 'Connection': 'keep-alive', 'Keep-Alive': 'timeout=600'})</msg>
<msg time="2026-01-21T10:58:01.525053" level="DEBUG">Finished Request</msg>
<msg time="2026-01-21T10:58:01.525357" level="DEBUG">POST http://127.0.0.1:4723/session/4cbd7744-1dc6-4af6-9012-bf9c7086eb59/element/00000000-0000-006e-ffff-ffff000000cb/click {}</msg>
<msg time="2026-01-21T10:58:01.525692" level="DEBUG">Starting new HTTP connection (1): 127.0.0.1:4723</msg>
<msg time="2026-01-21T10:58:02.556255" level="DEBUG">http://127.0.0.1:4723 "POST /session/4cbd7744-1dc6-4af6-9012-bf9c7086eb59/element/00000000-0000-006e-ffff-ffff000000cb/click HTTP/1.1" 200 0</msg>
<msg time="2026-01-21T10:58:02.556387" level="DEBUG">Remote response: status=200 | data={"value":null} | headers=HTTPHeaderDict({'X-Powered-By': 'Express', 'Vary': 'X-HTTP-Method-Override', 'Content-Type': 'application/json; charset=utf-8', 'Content-Length': '14', 'ETag': 'W/"e-9/1BuKMgFObM1mWJm+YjxtXJnUM"', 'Date': 'Wed, 21 Jan 2026 05:28:02 GMT', 'Connection': 'keep-alive', 'Keep-Alive': 'timeout=600'})</msg>
<msg time="2026-01-21T10:58:02.556445" level="DEBUG">Finished Request</msg>
<msg time="2026-01-21T10:58:02.556635" level="INFO">xpath criteria: //*[contains(@text,"While using the app")]</msg>
<msg time="2026-01-21T10:58:02.556897" level="TRACE">Return: None</msg>
<arg>${Permission-While-Allow}</arg>
<doc>Clicks the element identified by ``locator``.</doc>
<status status="PASS" start="2026-01-21T10:58:01.491278" elapsed="1.065694"/>
</kw>
<kw name="Wait Until Element Is Visible" owner="AppiumLibrary">
<msg time="2026-01-21T10:58:02.557321" level="TRACE">Arguments: [ '//android.widget.Button[@resource-id="com.android.permissioncontroller:id/permission_allow_button"]' ]</msg>
<msg time="2026-01-21T10:58:02.557560" level="DEBUG">POST http://127.0.0.1:4723/session/4cbd7744-1dc6-4af6-9012-bf9c7086eb59/elements {'using': 'xpath', 'value': '//android.widget.Button[@resource-id="com.android.permissioncontroller:id/permission_allow_button"]'}</msg>
<msg time="2026-01-21T10:58:02.558092" level="DEBUG">Starting new HTTP connection (1): 127.0.0.1:4723</msg>
<msg time="2026-01-21T10:58:02.602074" level="DEBUG">http://127.0.0.1:4723 "POST /session/4cbd7744-1dc6-4af6-9012-bf9c7086eb59/elements HTTP/1.1" 200 0</msg>
<msg time="2026-01-21T10:58:02.602206" level="DEBUG">Remote response: status=200 | data={"value":[{"element-6066-11e4-a52e-4f735466cecf":"00000000-0000-006e-ffff-ffff000000ca","ELEMENT":"00000000-0000-006e-ffff-ffff000000ca"}]} | headers=HTTPHeaderDict({'X-Powered-By': 'Express', 'Vary': 'X-HTTP-Method-Override', 'Content-Type': 'application/json; charset=utf-8', 'Content-Length': '139', 'ETag': 'W/"8b-C3jO6VYg+GeE5rY1bSoRl5624ps"', 'Date': 'Wed, 21 Jan 2026 05:28:02 GMT', 'Connection': 'keep-alive', 'Keep-Alive': 'timeout=600'})</msg>
<msg time="2026-01-21T10:58:02.602260" level="DEBUG">Finished Request</msg>
<msg time="2026-01-21T10:58:02.602531" level="DEBUG">GET http://127.0.0.1:4723/session/4cbd7744-1dc6-4af6-9012-bf9c7086eb59/element/00000000-0000-006e-ffff-ffff000000ca/displayed {}</msg>
<msg time="2026-01-21T10:58:02.602764" level="DEBUG">Starting new HTTP connection (1): 127.0.0.1:4723</msg>
<msg time="2026-01-21T10:58:02.615048" level="DEBUG">http://127.0.0.1:4723 "GET /session/4cbd7744-1dc6-4af6-9012-bf9c7086eb59/element/00000000-0000-006e-ffff-ffff000000ca/displayed HTTP/1.1" 200 0</msg>
<msg time="2026-01-21T10:58:02.615200" level="DEBUG">Remote response: status=200 | data={"value":true} | headers=HTTPHeaderDict({'X-Powered-By': 'Express', 'Content-Type': 'application/json; charset=utf-8', 'Content-Length': '14', 'ETag': 'W/"e-2ZHvAWebNQpyjGZTg6uyV8/spTo"', 'Date': 'Wed, 21 Jan 2026 05:28:02 GMT', 'Connection': 'keep-alive', 'Keep-Alive': 'timeout=600'})</msg>
<msg time="2026-01-21T10:58:02.615261" level="DEBUG">Finished Request</msg>
<msg time="2026-01-21T10:58:02.615459" level="INFO">xpath criteria: //android.widget.Button[@resource-id="com.android.permissioncontroller:id/permission_allow_button"]</msg>
<msg time="2026-01-21T10:58:02.615501" level="TRACE">Return: None</msg>
<arg>${Permission-Allow}</arg>
<doc>Waits until the element specified by the ``locator`` is visible.</doc>
<status status="PASS" start="2026-01-21T10:58:02.557167" elapsed="0.058374"/>
</kw>
<kw name="Click Element" owner="AppiumLibrary">
<msg time="2026-01-21T10:58:02.615988" level="TRACE">Arguments: [ '//android.widget.Button[@resource-id="com.android.permissioncontroller:id/permission_allow_button"]' ]</msg>
<msg time="2026-01-21T10:58:02.617066" level="INFO">Clicking element '//android.widget.Button[@resource-id="com.android.permissioncontroller:id/permission_allow_button"]'.</msg>
<msg time="2026-01-21T10:58:02.617176" level="DEBUG">POST http://127.0.0.1:4723/session/4cbd7744-1dc6-4af6-9012-bf9c7086eb59/elements {'using': 'xpath', 'value': '//android.widget.Button[@resource-id="com.android.permissioncontroller:id/permission_allow_button"]'}</msg>
<msg time="2026-01-21T10:58:02.617476" level="DEBUG">Starting new HTTP connection (1): 127.0.0.1:4723</msg>
<msg time="2026-01-21T10:58:02.642877" level="DEBUG">http://127.0.0.1:4723 "POST /session/4cbd7744-1dc6-4af6-9012-bf9c7086eb59/elements HTTP/1.1" 200 0</msg>
<msg time="2026-01-21T10:58:02.643034" level="DEBUG">Remote response: status=200 | data={"value":[{"element-6066-11e4-a52e-4f735466cecf":"00000000-0000-006e-ffff-ffff000000ca","ELEMENT":"00000000-0000-006e-ffff-ffff000000ca"}]} | headers=HTTPHeaderDict({'X-Powered-By': 'Express', 'Vary': 'X-HTTP-Method-Override', 'Content-Type': 'application/json; charset=utf-8', 'Content-Length': '139', 'ETag': 'W/"8b-C3jO6VYg+GeE5rY1bSoRl5624ps"', 'Date': 'Wed, 21 Jan 2026 05:28:02 GMT', 'Connection': 'keep-alive', 'Keep-Alive': 'timeout=600'})</msg>
<msg time="2026-01-21T10:58:02.643101" level="DEBUG">Finished Request</msg>
<msg time="2026-01-21T10:58:02.643368" level="DEBUG">POST http://127.0.0.1:4723/session/4cbd7744-1dc6-4af6-9012-bf9c7086eb59/element/00000000-0000-006e-ffff-ffff000000ca/click {}</msg>
<msg time="2026-01-21T10:58:02.643698" level="DEBUG">Starting new HTTP connection (1): 127.0.0.1:4723</msg>
<msg time="2026-01-21T10:58:03.687660" level="DEBUG">http://127.0.0.1:4723 "POST /session/4cbd7744-1dc6-4af6-9012-bf9c7086eb59/element/00000000-0000-006e-ffff-ffff000000ca/click HTTP/1.1" 200 0</msg>
<msg time="2026-01-21T10:58:03.687763" level="DEBUG">Remote response: status=200 | data={"value":null} | headers=HTTPHeaderDict({'X-Powered-By': 'Express', 'Vary': 'X-HTTP-Method-Override', 'Content-Type': 'application/json; charset=utf-8', 'Content-Length': '14', 'ETag': 'W/"e-9/1BuKMgFObM1mWJm+YjxtXJnUM"', 'Date': 'Wed, 21 Jan 2026 05:28:03 GMT', 'Connection': 'keep-alive', 'Keep-Alive': 'timeout=600'})</msg>
<msg time="2026-01-21T10:58:03.687806" level="DEBUG">Finished Request</msg>
<msg time="2026-01-21T10:58:03.687954" level="INFO">xpath criteria: //android.widget.Button[@resource-id="com.android.permissioncontroller:id/permission_allow_button"]</msg>
<msg time="2026-01-21T10:58:03.687977" level="TRACE">Return: None</msg>
<arg>${Permission-Allow}</arg>
<doc>Clicks the element identified by ``locator``.</doc>
<status status="PASS" start="2026-01-21T10:58:02.615829" elapsed="1.072176"/>
</kw>
<kw name="Wait Until Element Is Visible" owner="AppiumLibrary">
<msg time="2026-01-21T10:58:03.688208" level="TRACE">Arguments: [ '//android.widget.Button[@resource-id="com.android.permissioncontroller:id/permission_allow_button"]' ]</msg>
<msg time="2026-01-21T10:58:03.688387" level="DEBUG">POST http://127.0.0.1:4723/session/4cbd7744-1dc6-4af6-9012-bf9c7086eb59/elements {'using': 'xpath', 'value': '//android.widget.Button[@resource-id="com.android.permissioncontroller:id/permission_allow_button"]'}</msg>
<msg time="2026-01-21T10:58:03.688678" level="DEBUG">Starting new HTTP connection (1): 127.0.0.1:4723</msg>
<msg time="2026-01-21T10:58:03.732755" level="DEBUG">http://127.0.0.1:4723 "POST /session/4cbd7744-1dc6-4af6-9012-bf9c7086eb59/elements HTTP/1.1" 200 0</msg>
<msg time="2026-01-21T10:58:03.732909" level="DEBUG">Remote response: status=200 | data={"value":[{"element-6066-11e4-a52e-4f735466cecf":"00000000-0000-006e-ffff-ffff000000ca","ELEMENT":"00000000-0000-006e-ffff-ffff000000ca"}]} | headers=HTTPHeaderDict({'X-Powered-By': 'Express', 'Vary': 'X-HTTP-Method-Override', 'Content-Type': 'application/json; charset=utf-8', 'Content-Length': '139', 'ETag': 'W/"8b-C3jO6VYg+GeE5rY1bSoRl5624ps"', 'Date': 'Wed, 21 Jan 2026 05:28:03 GMT', 'Connection': 'keep-alive', 'Keep-Alive': 'timeout=600'})</msg>
<msg time="2026-01-21T10:58:03.733102" level="DEBUG">Finished Request</msg>
<msg time="2026-01-21T10:58:03.733368" level="DEBUG">GET http://127.0.0.1:4723/session/4cbd7744-1dc6-4af6-9012-bf9c7086eb59/element/00000000-0000-006e-ffff-ffff000000ca/displayed {}</msg>
<msg time="2026-01-21T10:58:03.733710" level="DEBUG">Starting new HTTP connection (1): 127.0.0.1:4723</msg>
<msg time="2026-01-21T10:58:03.747909" level="DEBUG">http://127.0.0.1:4723 "GET /session/4cbd7744-1dc6-4af6-9012-bf9c7086eb59/element/00000000-0000-006e-ffff-ffff000000ca/displayed HTTP/1.1" 200 0</msg>
<msg time="2026-01-21T10:58:03.748053" level="DEBUG">Remote response: status=200 | data={"value":true} | headers=HTTPHeaderDict({'X-Powered-By': 'Express', 'Content-Type': 'application/json; charset=utf-8', 'Content-Length': '14', 'ETag': 'W/"e-2ZHvAWebNQpyjGZTg6uyV8/spTo"', 'Date': 'Wed, 21 Jan 2026 05:28:03 GMT', 'Connection': 'keep-alive', 'Keep-Alive': 'timeout=600'})</msg>
<msg time="2026-01-21T10:58:03.748113" level="DEBUG">Finished Request</msg>
<msg time="2026-01-21T10:58:03.748342" level="INFO">xpath criteria: //android.widget.Button[@resource-id="com.android.permissioncontroller:id/permission_allow_button"]</msg>
<msg time="2026-01-21T10:58:03.748394" level="TRACE">Return: None</msg>
<arg>${Permission-Allow}</arg>
<doc>Waits until the element specified by the ``locator`` is visible.</doc>
<status status="PASS" start="2026-01-21T10:58:03.688114" elapsed="0.060325"/>
</kw>
<kw name="Click Element" owner="AppiumLibrary">
<msg time="2026-01-21T10:58:03.748713" level="TRACE">Arguments: [ '//android.widget.Button[@resource-id="com.android.permissioncontroller:id/permission_allow_button"]' ]</msg>
<msg time="2026-01-21T10:58:03.749567" level="INFO">Clicking element '//android.widget.Button[@resource-id="com.android.permissioncontroller:id/permission_allow_button"]'.</msg>
<msg time="2026-01-21T10:58:03.749676" level="DEBUG">POST http://127.0.0.1:4723/session/4cbd7744-1dc6-4af6-9012-bf9c7086eb59/elements {'using': 'xpath', 'value': '//android.widget.Button[@resource-id="com.android.permissioncontroller:id/permission_allow_button"]'}</msg>
<msg time="2026-01-21T10:58:03.749930" level="DEBUG">Starting new HTTP connection (1): 127.0.0.1:4723</msg>
<msg time="2026-01-21T10:58:03.773357" level="DEBUG">http://127.0.0.1:4723 "POST /session/4cbd7744-1dc6-4af6-9012-bf9c7086eb59/elements HTTP/1.1" 200 0</msg>
<msg time="2026-01-21T10:58:03.773545" level="DEBUG">Remote response: status=200 | data={"value":[{"element-6066-11e4-a52e-4f735466cecf":"00000000-0000-006e-ffff-ffff000000ca","ELEMENT":"00000000-0000-006e-ffff-ffff000000ca"}]} | headers=HTTPHeaderDict({'X-Powered-By': 'Express', 'Vary': 'X-HTTP-Method-Override', 'Content-Type': 'application/json; charset=utf-8', 'Content-Length': '139', 'ETag': 'W/"8b-C3jO6VYg+GeE5rY1bSoRl5624ps"', 'Date': 'Wed, 21 Jan 2026 05:28:03 GMT', 'Connection': 'keep-alive', 'Keep-Alive': 'timeout=600'})</msg>
<msg time="2026-01-21T10:58:03.773654" level="DEBUG">Finished Request</msg>
<msg time="2026-01-21T10:58:03.773970" level="DEBUG">POST http://127.0.0.1:4723/session/4cbd7744-1dc6-4af6-9012-bf9c7086eb59/element/00000000-0000-006e-ffff-ffff000000ca/click {}</msg>
<msg time="2026-01-21T10:58:03.774299" level="DEBUG">Starting new HTTP connection (1): 127.0.0.1:4723</msg>
<msg time="2026-01-21T10:58:03.845434" level="DEBUG">http://127.0.0.1:4723 "POST /session/4cbd7744-1dc6-4af6-9012-bf9c7086eb59/element/00000000-0000-006e-ffff-ffff000000ca/click HTTP/1.1" 200 0</msg>
<msg time="2026-01-21T10:58:03.845641" level="DEBUG">Remote response: status=200 | data={"value":null} | headers=HTTPHeaderDict({'X-Powered-By': 'Express', 'Vary': 'X-HTTP-Method-Override', 'Content-Type': 'application/json; charset=utf-8', 'Content-Length': '14', 'ETag': 'W/"e-9/1BuKMgFObM1mWJm+YjxtXJnUM"', 'Date': 'Wed, 21 Jan 2026 05:28:03 GMT', 'Connection': 'keep-alive', 'Keep-Alive': 'timeout=600'})</msg>
<msg time="2026-01-21T10:58:03.845728" level="DEBUG">Finished Request</msg>
<msg time="2026-01-21T10:58:03.846036" level="INFO">xpath criteria: //android.widget.Button[@resource-id="com.android.permissioncontroller:id/permission_allow_button"]</msg>
<msg time="2026-01-21T10:58:03.846107" level="TRACE">Return: None</msg>
<arg>${Permission-Allow}</arg>
<doc>Clicks the element identified by ``locator``.</doc>
<status status="PASS" start="2026-01-21T10:58:03.748593" elapsed="0.097588"/>
</kw>
<msg time="2026-01-21T10:58:03.846291" level="TRACE">Return: None</msg>
<status status="PASS" start="2026-01-21T10:57:59.676750" elapsed="4.169579"/>
</kw>
<kw name="Signin with user" owner="android-res">
<msg time="2026-01-21T10:58:03.847166" level="TRACE">Arguments: [ ${EMAIL}='iamniralshah@gmail.com' | ${PASSWORD}='Vasupujy@3' ]</msg>
<kw name="Navigate To Signin Screen" owner="android-res">
<msg time="2026-01-21T10:58:03.847481" level="TRACE">Arguments: [  ]</msg>
<kw name="Wait Until Element Is Visible" owner="AppiumLibrary">
<msg time="2026-01-21T10:58:03.847644" level="TRACE">Arguments: [ 'id=com.samsung.android.oneconnect:id/signin_btn' ]</msg>
<msg time="2026-01-21T10:58:03.847835" level="DEBUG">POST http://127.0.0.1:4723/session/4cbd7744-1dc6-4af6-9012-bf9c7086eb59/elements {'using': 'id', 'value': 'com.samsung.android.oneconnect:id/signin_btn'}</msg>
<msg time="2026-01-21T10:58:03.848158" level="DEBUG">Starting new HTTP connection (1): 127.0.0.1:4723</msg>
<msg time="2026-01-21T10:58:04.000313" level="DEBUG">http://127.0.0.1:4723 "POST /session/4cbd7744-1dc6-4af6-9012-bf9c7086eb59/elements HTTP/1.1" 200 0</msg>
<msg time="2026-01-21T10:58:04.000452" level="DEBUG">Remote response: status=200 | data={"value":[{"element-6066-11e4-a52e-4f735466cecf":"00000000-0000-006d-ffff-ffff000000b7","ELEMENT":"00000000-0000-006d-ffff-ffff000000b7"}]} | headers=HTTPHeaderDict({'X-Powered-By': 'Express', 'Vary': 'X-HTTP-Method-Override', 'Content-Type': 'application/json; charset=utf-8', 'Content-Length': '139', 'ETag': 'W/"8b-c2SuFhy6BTrKTFq9TwNDO9/c834"', 'Date': 'Wed, 21 Jan 2026 05:28:03 GMT', 'Connection': 'keep-alive', 'Keep-Alive': 'timeout=600'})</msg>
<msg time="2026-01-21T10:58:04.000512" level="DEBUG">Finished Request</msg>
<msg time="2026-01-21T10:58:04.000793" level="DEBUG">GET http://127.0.0.1:4723/session/4cbd7744-1dc6-4af6-9012-bf9c7086eb59/element/00000000-0000-006d-ffff-ffff000000b7/displayed {}</msg>
<msg time="2026-01-21T10:58:04.001311" level="DEBUG">Starting new HTTP connection (1): 127.0.0.1:4723</msg>
<msg time="2026-01-21T10:58:04.439325" level="DEBUG">http://127.0.0.1:4723 "GET /session/4cbd7744-1dc6-4af6-9012-bf9c7086eb59/element/00000000-0000-006d-ffff-ffff000000b7/displayed HTTP/1.1" 200 0</msg>
<msg time="2026-01-21T10:58:04.439526" level="DEBUG">Remote response: status=200 | data={"value":true} | headers=HTTPHeaderDict({'X-Powered-By': 'Express', 'Content-Type': 'application/json; charset=utf-8', 'Content-Length': '14', 'ETag': 'W/"e-2ZHvAWebNQpyjGZTg6uyV8/spTo"', 'Date': 'Wed, 21 Jan 2026 05:28:04 GMT', 'Connection': 'keep-alive', 'Keep-Alive': 'timeout=600'})</msg>
<msg time="2026-01-21T10:58:04.439599" level="DEBUG">Finished Request</msg>
<msg time="2026-01-21T10:58:04.439917" level="INFO">criteria is com.samsung.android.oneconnect:id/signin_btn</msg>
<msg time="2026-01-21T10:58:04.439979" level="TRACE">Return: None</msg>
<arg>${Home-SignIn-Button}</arg>
<doc>Waits until the element specified by the ``locator`` is visible.</doc>
<status status="PASS" start="2026-01-21T10:58:03.847574" elapsed="0.592441"/>
</kw>
<kw name="Click Element" owner="AppiumLibrary">
<msg time="2026-01-21T10:58:04.440360" level="TRACE">Arguments: [ 'id=com.samsung.android.oneconnect:id/signin_btn' ]</msg>
<msg time="2026-01-21T10:58:04.441036" level="INFO">Clicking element 'id=com.samsung.android.oneconnect:id/signin_btn'.</msg>
<msg time="2026-01-21T10:58:04.441127" level="DEBUG">POST http://127.0.0.1:4723/session/4cbd7744-1dc6-4af6-9012-bf9c7086eb59/elements {'using': 'id', 'value': 'com.samsung.android.oneconnect:id/signin_btn'}</msg>
<msg time="2026-01-21T10:58:04.441332" level="DEBUG">Starting new HTTP connection (1): 127.0.0.1:4723</msg>
<msg time="2026-01-21T10:58:04.957535" level="DEBUG">http://127.0.0.1:4723 "POST /session/4cbd7744-1dc6-4af6-9012-bf9c7086eb59/elements HTTP/1.1" 200 0</msg>
<msg time="2026-01-21T10:58:04.957651" level="DEBUG">Remote response: status=200 | data={"value":[{"element-6066-11e4-a52e-4f735466cecf":"00000000-0000-006d-ffff-ffff000000b7","ELEMENT":"00000000-0000-006d-ffff-ffff000000b7"}]} | headers=HTTPHeaderDict({'X-Powered-By': 'Express', 'Vary': 'X-HTTP-Method-Override', 'Content-Type': 'application/json; charset=utf-8', 'Content-Length': '139', 'ETag': 'W/"8b-c2SuFhy6BTrKTFq9TwNDO9/c834"', 'Date': 'Wed, 21 Jan 2026 05:28:04 GMT', 'Connection': 'keep-alive', 'Keep-Alive': 'timeout=600'})</msg>
<msg time="2026-01-21T10:58:04.957696" level="DEBUG">Finished Request</msg>
<msg time="2026-01-21T10:58:04.957872" level="DEBUG">POST http://127.0.0.1:4723/session/4cbd7744-1dc6-4af6-9012-bf9c7086eb59/element/00000000-0000-006d-ffff-ffff000000b7/click {}</msg>
<msg time="2026-01-21T10:58:04.958093" level="DEBUG">Starting new HTTP connection (1): 127.0.0.1:4723</msg>
<msg time="2026-01-21T10:58:05.019301" level="DEBUG">http://127.0.0.1:4723 "POST /session/4cbd7744-1dc6-4af6-9012-bf9c7086eb59/element/00000000-0000-006d-ffff-ffff000000b7/click HTTP/1.1" 200 0</msg>
<msg time="2026-01-21T10:58:05.019522" level="DEBUG">Remote response: status=200 | data={"value":null} | headers=HTTPHeaderDict({'X-Powered-By': 'Express', 'Vary': 'X-HTTP-Method-Override', 'Content-Type': 'application/json; charset=utf-8', 'Content-Length': '14', 'ETag': 'W/"e-9/1BuKMgFObM1mWJm+YjxtXJnUM"', 'Date': 'Wed, 21 Jan 2026 05:28:05 GMT', 'Connection': 'keep-alive', 'Keep-Alive': 'timeout=600'})</msg>
<msg time="2026-01-21T10:58:05.019650" level="DEBUG">Finished Request</msg>
<msg time="2026-01-21T10:58:05.019971" level="INFO">criteria is com.samsung.android.oneconnect:id/signin_btn</msg>
<msg time="2026-01-21T10:58:05.020277" level="TRACE">Return: None</msg>
<arg>${Home-SignIn-Button}</arg>
<doc>Clicks the element identified by ``locator``.</doc>
<status status="PASS" start="2026-01-21T10:58:04.440197" elapsed="0.580169"/>
</kw>
<msg time="2026-01-21T10:58:05.020490" level="TRACE">Return: None</msg>
<status status="PASS" start="2026-01-21T10:58:03.847374" elapsed="1.173165"/>
</kw>
<kw name="Input User Email" owner="android-res">
<msg time="2026-01-21T10:58:05.020992" level="TRACE">Arguments: [ ${EMAIL}='iamniralshah@gmail.com' ]</msg>
<kw name="Wait Until Element Is Visible" owner="AppiumLibrary">
<msg time="2026-01-21T10:58:05.021282" level="TRACE">Arguments: [ '//android.widget.EditText[@resource-id="iptLgnPlnID"]' ]</msg>
<msg time="2026-01-21T10:58:05.021560" level="DEBUG">POST http://127.0.0.1:4723/session/4cbd7744-1dc6-4af6-9012-bf9c7086eb59/elements {'using': 'xpath', 'value': '//android.widget.EditText[@resource-id="iptLgnPlnID"]'}</msg>
<msg time="2026-01-21T10:58:05.022028" level="DEBUG">Starting new HTTP connection (1): 127.0.0.1:4723</msg>
<msg time="2026-01-21T10:58:05.264022" level="DEBUG">http://127.0.0.1:4723 "POST /session/4cbd7744-1dc6-4af6-9012-bf9c7086eb59/elements HTTP/1.1" 200 0</msg>
<msg time="2026-01-21T10:58:05.264165" level="DEBUG">Remote response: status=200 | data={"value":[]} | headers=HTTPHeaderDict({'X-Powered-By': 'Express', 'Vary': 'X-HTTP-Method-Override', 'Content-Type': 'application/json; charset=utf-8', 'Content-Length': '12', 'ETag': 'W/"c-ct3goOI+b+kRZv2R9j2fTtMXwkk"', 'Date': 'Wed, 21 Jan 2026 05:28:05 GMT', 'Connection': 'keep-alive', 'Keep-Alive': 'timeout=600'})</msg>
<msg time="2026-01-21T10:58:05.264226" level="DEBUG">Finished Request</msg>
<msg time="2026-01-21T10:58:05.464771" level="DEBUG">POST http://127.0.0.1:4723/session/4cbd7744-1dc6-4af6-9012-bf9c7086eb59/elements {'using': 'xpath', 'value': '//android.widget.EditText[@resource-id="iptLgnPlnID"]'}</msg>
<msg time="2026-01-21T10:58:05.465100" level="DEBUG">Starting new HTTP connection (1): 127.0.0.1:4723</msg>
<msg time="2026-01-21T10:58:06.007167" level="DEBUG">http://127.0.0.1:4723 "POST /session/4cbd7744-1dc6-4af6-9012-bf9c7086eb59/elements HTTP/1.1" 200 0</msg>
<msg time="2026-01-21T10:58:06.007302" level="DEBUG">Remote response: status=200 | data={"value":[]} | headers=HTTPHeaderDict({'X-Powered-By': 'Express', 'Vary': 'X-HTTP-Method-Override', 'Content-Type': 'application/json; charset=utf-8', 'Content-Length': '12', 'ETag': 'W/"c-ct3goOI+b+kRZv2R9j2fTtMXwkk"', 'Date': 'Wed, 21 Jan 2026 05:28:05 GMT', 'Connection': 'keep-alive', 'Keep-Alive': 'timeout=600'})</msg>
<msg time="2026-01-21T10:58:06.007361" level="DEBUG">Finished Request</msg>
<msg time="2026-01-21T10:58:06.207877" level="DEBUG">POST http://127.0.0.1:4723/session/4cbd7744-1dc6-4af6-9012-bf9c7086eb59/elements {'using': 'xpath', 'value': '//android.widget.EditText[@resource-id="iptLgnPlnID"]'}</msg>
<msg time="2026-01-21T10:58:06.208230" level="DEBUG">Starting new HTTP connection (1): 127.0.0.1:4723</msg>
<msg time="2026-01-21T10:58:06.276738" level="DEBUG">http://127.0.0.1:4723 "POST /session/4cbd7744-1dc6-4af6-9012-bf9c7086eb59/elements HTTP/1.1" 200 0</msg>
<msg time="2026-01-21T10:58:06.276969" level="DEBUG">Remote response: status=200 | data={"value":[]} | headers=HTTPHeaderDict({'X-Powered-By': 'Express', 'Vary': 'X-HTTP-Method-Override', 'Content-Type': 'application/json; charset=utf-8', 'Content-Length': '12', 'ETag': 'W/"c-ct3goOI+b+kRZv2R9j2fTtMXwkk"', 'Date': 'Wed, 21 Jan 2026 05:28:06 GMT', 'Connection': 'keep-alive', 'Keep-Alive': 'timeout=600'})</msg>
<msg time="2026-01-21T10:58:06.277081" level="DEBUG">Finished Request</msg>
<msg time="2026-01-21T10:58:06.477735" level="DEBUG">POST http://127.0.0.1:4723/session/4cbd7744-1dc6-4af6-9012-bf9c7086eb59/elements {'using': 'xpath', 'value': '//android.widget.EditText[@resource-id="iptLgnPlnID"]'}</msg>
<msg time="2026-01-21T10:58:06.478132" level="DEBUG">Starting new HTTP connection (1): 127.0.0.1:4723</msg>
<msg time="2026-01-21T10:58:07.534622" level="DEBUG">http://127.0.0.1:4723 "POST /session/4cbd7744-1dc6-4af6-9012-bf9c7086eb59/elements HTTP/1.1" 200 0</msg>
<msg time="2026-01-21T10:58:07.535056" level="DEBUG">Remote response: status=200 | data={"value":[]} | headers=HTTPHeaderDict({'X-Powered-By': 'Express', 'Vary': 'X-HTTP-Method-Override', 'Content-Type': 'application/json; charset=utf-8', 'Content-Length': '12', 'ETag': 'W/"c-ct3goOI+b+kRZv2R9j2fTtMXwkk"', 'Date': 'Wed, 21 Jan 2026 05:28:07 GMT', 'Connection': 'keep-alive', 'Keep-Alive': 'timeout=600'})</msg>
<msg time="2026-01-21T10:58:07.535185" level="DEBUG">Finished Request</msg>
<msg time="2026-01-21T10:58:07.735920" level="DEBUG">POST http://127.0.0.1:4723/session/4cbd7744-1dc6-4af6-9012-bf9c7086eb59/elements {'using': 'xpath', 'value': '//android.widget.EditText[@resource-id="iptLgnPlnID"]'}</msg>
<msg time="2026-01-21T10:58:07.736343" level="DEBUG">Starting new HTTP connection (1): 127.0.0.1:4723</msg>
<msg time="2026-01-21T10:58:08.088815" level="DEBUG">http://127.0.0.1:4723 "POST /session/4cbd7744-1dc6-4af6-9012-bf9c7086eb59/elements HTTP/1.1" 200 0</msg>
<msg time="2026-01-21T10:58:08.088977" level="DEBUG">Remote response: status=200 | data={"value":[{"element-6066-11e4-a52e-4f735466cecf":"00000000-0000-0071-0000-04420000022d","ELEMENT":"00000000-0000-0071-0000-04420000022d"}]} | headers=HTTPHeaderDict({'X-Powered-By': 'Express', 'Vary': 'X-HTTP-Method-Override', 'Content-Type': 'application/json; charset=utf-8', 'Content-Length': '139', 'ETag': 'W/"8b-FGt4UC+AEZyto15M0X6W7YkCzdk"', 'Date': 'Wed, 21 Jan 2026 05:28:08 GMT', 'Connection': 'keep-alive', 'Keep-Alive': 'timeout=600'})</msg>
<msg time="2026-01-21T10:58:08.089044" level="DEBUG">Finished Request</msg>
<msg time="2026-01-21T10:58:08.089339" level="DEBUG">GET http://127.0.0.1:4723/session/4cbd7744-1dc6-4af6-9012-bf9c7086eb59/element/00000000-0000-0071-0000-04420000022d/displayed {}</msg>
<msg time="2026-01-21T10:58:08.089728" level="DEBUG">Starting new HTTP connection (1): 127.0.0.1:4723</msg>
<msg time="2026-01-21T10:58:08.108577" level="DEBUG">http://127.0.0.1:4723 "GET /session/4cbd7744-1dc6-4af6-9012-bf9c7086eb59/element/00000000-0000-0071-0000-04420000022d/displayed HTTP/1.1" 200 0</msg>
<msg time="2026-01-21T10:58:08.108890" level="DEBUG">Remote response: status=200 | data={"value":true} | headers=HTTPHeaderDict({'X-Powered-By': 'Express', 'Content-Type': 'application/json; charset=utf-8', 'Content-Length': '14', 'ETag': 'W/"e-2ZHvAWebNQpyjGZTg6uyV8/spTo"', 'Date': 'Wed, 21 Jan 2026 05:28:08 GMT', 'Connection': 'keep-alive', 'Keep-Alive': 'timeout=600'})</msg>
<msg time="2026-01-21T10:58:08.108966" level="DEBUG">Finished Request</msg>
<msg time="2026-01-21T10:58:08.109177" level="INFO">xpath criteria: //android.widget.EditText[@resource-id="iptLgnPlnID"]
xpath criteria: //android.widget.EditText[@resource-id="iptLgnPlnID"]
xpath criteria: //android.widget.EditText[@resource-id="iptLgnPlnID"]
xpath criteria: //android.widget.EditText[@resource-id="iptLgnPlnID"]
xpath criteria: //android.widget.EditText[@resource-id="iptLgnPlnID"]</msg>
<msg time="2026-01-21T10:58:08.109224" level="TRACE">Return: None</msg>
<arg>${SignIn-Email-Field}</arg>
<doc>Waits until the element specified by the ``locator`` is visible.</doc>
<status status="PASS" start="2026-01-21T10:58:05.021167" elapsed="3.088101"/>
</kw>
<kw name="Input Text" owner="AppiumLibrary">
<msg time="2026-01-21T10:58:08.109562" level="TRACE">Arguments: [ '//android.widget.EditText[@resource-id="iptLgnPlnID"]' | 'iamniralshah@gmail.com' ]</msg>
<msg time="2026-01-21T10:58:08.110420" level="INFO">Typing text 'iamniralshah@gmail.com' into text field '//android.widget.EditText[@resource-id="iptLgnPlnID"]'</msg>
<msg time="2026-01-21T10:58:08.110526" level="DEBUG">POST http://127.0.0.1:4723/session/4cbd7744-1dc6-4af6-9012-bf9c7086eb59/elements {'using': 'xpath', 'value': '//android.widget.EditText[@resource-id="iptLgnPlnID"]'}</msg>
<msg time="2026-01-21T10:58:08.110789" level="DEBUG">Starting new HTTP connection (1): 127.0.0.1:4723</msg>
<msg time="2026-01-21T10:58:08.154781" level="DEBUG">http://127.0.0.1:4723 "POST /session/4cbd7744-1dc6-4af6-9012-bf9c7086eb59/elements HTTP/1.1" 200 0</msg>
<msg time="2026-01-21T10:58:08.154918" level="DEBUG">Remote response: status=200 | data={"value":[{"element-6066-11e4-a52e-4f735466cecf":"00000000-0000-0071-0000-04420000022d","ELEMENT":"00000000-0000-0071-0000-04420000022d"}]} | headers=HTTPHeaderDict({'X-Powered-By': 'Express', 'Vary': 'X-HTTP-Method-Override', 'Content-Type': 'application/json; charset=utf-8', 'Content-Length': '139', 'ETag': 'W/"8b-FGt4UC+AEZyto15M0X6W7YkCzdk"', 'Date': 'Wed, 21 Jan 2026 05:28:08 GMT', 'Connection': 'keep-alive', 'Keep-Alive': 'timeout=600'})</msg>
<msg time="2026-01-21T10:58:08.154977" level="DEBUG">Finished Request</msg>
<msg time="2026-01-21T10:58:08.155286" level="DEBUG">POST http://127.0.0.1:4723/session/4cbd7744-1dc6-4af6-9012-bf9c7086eb59/element/00000000-0000-0071-0000-04420000022d/value {'text': 'iamniralshah@gmail.com', 'value': ['i', 'a', 'm', 'n', 'i', 'r', 'a', 'l', 's', 'h', 'a', 'h', '@', 'g', 'm', 'a', 'i', 'l', '.', 'c', 'o', 'm']}</msg>
<msg time="2026-01-21T10:58:08.155621" level="DEBUG">Starting new HTTP connection (1): 127.0.0.1:4723</msg>
<msg time="2026-01-21T10:58:08.179781" level="DEBUG">http://127.0.0.1:4723 "POST /session/4cbd7744-1dc6-4af6-9012-bf9c7086eb59/element/00000000-0000-0071-0000-04420000022d/value HTTP/1.1" 200 0</msg>
<msg time="2026-01-21T10:58:08.179936" level="DEBUG">Remote response: status=200 | data={"value":null} | headers=HTTPHeaderDict({'X-Powered-By': 'Express', 'Vary': 'X-HTTP-Method-Override', 'Content-Type': 'application/json; charset=utf-8', 'Content-Length': '14', 'ETag': 'W/"e-9/1BuKMgFObM1mWJm+YjxtXJnUM"', 'Date': 'Wed, 21 Jan 2026 05:28:08 GMT', 'Connection': 'keep-alive', 'Keep-Alive': 'timeout=600'})</msg>
<msg time="2026-01-21T10:58:08.179997" level="DEBUG">Finished Request</msg>
<msg time="2026-01-21T10:58:08.180197" level="INFO">xpath criteria: //android.widget.EditText[@resource-id="iptLgnPlnID"]</msg>
<msg time="2026-01-21T10:58:08.180231" level="TRACE">Return: None</msg>
<arg>${SignIn-Email-Field}</arg>
<arg>${EMAIL}</arg>
<doc>Types the given ``text`` into the text field identified by ``locator``.</doc>
<status status="PASS" start="2026-01-21T10:58:08.109425" elapsed="0.070845"/>
</kw>
<kw name="Click Element" owner="AppiumLibrary">
<msg time="2026-01-21T10:58:08.180529" level="TRACE">Arguments: [ '//*[contains(@text,"Next")]' ]</msg>
<msg time="2026-01-21T10:58:08.181470" level="INFO">Clicking element '//*[contains(@text,"Next")]'.</msg>
<msg time="2026-01-21T10:58:08.181605" level="DEBUG">POST http://127.0.0.1:4723/session/4cbd7744-1dc6-4af6-9012-bf9c7086eb59/elements {'using': 'xpath', 'value': '//*[contains(@text,"Next")]'}</msg>
<msg time="2026-01-21T10:58:08.181872" level="DEBUG">Starting new HTTP connection (1): 127.0.0.1:4723</msg>
<msg time="2026-01-21T10:58:08.250397" level="DEBUG">http://127.0.0.1:4723 "POST /session/4cbd7744-1dc6-4af6-9012-bf9c7086eb59/elements HTTP/1.1" 200 0</msg>
<msg time="2026-01-21T10:58:08.250542" level="DEBUG">Remote response: status=200 | data={"value":[{"element-6066-11e4-a52e-4f735466cecf":"00000000-0000-0071-0000-04810000022d","ELEMENT":"00000000-0000-0071-0000-04810000022d"}]} | headers=HTTPHeaderDict({'X-Powered-By': 'Express', 'Vary': 'X-HTTP-Method-Override', 'Content-Type': 'application/json; charset=utf-8', 'Content-Length': '139', 'ETag': 'W/"8b-TWBOwblhgUnIm+HO0PVEpdS/1co"', 'Date': 'Wed, 21 Jan 2026 05:28:08 GMT', 'Connection': 'keep-alive', 'Keep-Alive': 'timeout=600'})</msg>
<msg time="2026-01-21T10:58:08.250606" level="DEBUG">Finished Request</msg>
<msg time="2026-01-21T10:58:08.250927" level="DEBUG">POST http://127.0.0.1:4723/session/4cbd7744-1dc6-4af6-9012-bf9c7086eb59/element/00000000-0000-0071-0000-04810000022d/click {}</msg>
<msg time="2026-01-21T10:58:08.251365" level="DEBUG">Starting new HTTP connection (1): 127.0.0.1:4723</msg>
<msg time="2026-01-21T10:58:08.326503" level="DEBUG">http://127.0.0.1:4723 "POST /session/4cbd7744-1dc6-4af6-9012-bf9c7086eb59/element/00000000-0000-0071-0000-04810000022d/click HTTP/1.1" 200 0</msg>
<msg time="2026-01-21T10:58:08.326608" level="DEBUG">Remote response: status=200 | data={"value":null} | headers=HTTPHeaderDict({'X-Powered-By': 'Express', 'Vary': 'X-HTTP-Method-Override', 'Content-Type': 'application/json; charset=utf-8', 'Content-Length': '14', 'ETag': 'W/"e-9/1BuKMgFObM1mWJm+YjxtXJnUM"', 'Date': 'Wed, 21 Jan 2026 05:28:08 GMT', 'Connection': 'keep-alive', 'Keep-Alive': 'timeout=600'})</msg>
<msg time="2026-01-21T10:58:08.326650" level="DEBUG">Finished Request</msg>
<msg time="2026-01-21T10:58:08.326918" level="INFO">xpath criteria: //*[contains(@text,"Next")]</msg>
<msg time="2026-01-21T10:58:08.326947" level="TRACE">Return: None</msg>
<arg>${SignIn-Next}</arg>
<doc>Clicks the element identified by ``locator``.</doc>
<status status="PASS" start="2026-01-21T10:58:08.180412" elapsed="0.146575"/>
</kw>
<msg time="2026-01-21T10:58:08.327066" level="TRACE">Return: None</msg>
<arg>${EMAIL}</arg>
<status status="PASS" start="2026-01-21T10:58:05.020763" elapsed="3.306319"/>
</kw>
<kw name="Input User Password" owner="android-res">
<msg time="2026-01-21T10:58:08.327572" level="TRACE">Arguments: [ ${PASSWORD}='Vasupujy@3' ]</msg>
<kw name="Wait Until Element Is Visible" owner="AppiumLibrary">
<msg time="2026-01-21T10:58:08.327740" level="TRACE">Arguments: [ '//android.widget.EditText[@resource-id="iptLgnPlnPD"]' ]</msg>
<msg time="2026-01-21T10:58:08.327885" level="DEBUG">POST http://127.0.0.1:4723/session/4cbd7744-1dc6-4af6-9012-bf9c7086eb59/elements {'using': 'xpath', 'value': '//android.widget.EditText[@resource-id="iptLgnPlnPD"]'}</msg>
<msg time="2026-01-21T10:58:08.328109" level="DEBUG">Starting new HTTP connection (1): 127.0.0.1:4723</msg>
<msg time="2026-01-21T10:58:08.406714" level="DEBUG">http://127.0.0.1:4723 "POST /session/4cbd7744-1dc6-4af6-9012-bf9c7086eb59/elements HTTP/1.1" 200 0</msg>
<msg time="2026-01-21T10:58:08.406867" level="DEBUG">Remote response: status=200 | data={"value":[]} | headers=HTTPHeaderDict({'X-Powered-By': 'Express', 'Vary': 'X-HTTP-Method-Override', 'Content-Type': 'application/json; charset=utf-8', 'Content-Length': '12', 'ETag': 'W/"c-ct3goOI+b+kRZv2R9j2fTtMXwkk"', 'Date': 'Wed, 21 Jan 2026 05:28:08 GMT', 'Connection': 'keep-alive', 'Keep-Alive': 'timeout=600'})</msg>
<msg time="2026-01-21T10:58:08.407104" level="DEBUG">Finished Request</msg>
<msg time="2026-01-21T10:58:08.607791" level="DEBUG">POST http://127.0.0.1:4723/session/4cbd7744-1dc6-4af6-9012-bf9c7086eb59/elements {'using': 'xpath', 'value': '//android.widget.EditText[@resource-id="iptLgnPlnPD"]'}</msg>
<msg time="2026-01-21T10:58:08.608057" level="DEBUG">Starting new HTTP connection (1): 127.0.0.1:4723</msg>
<msg time="2026-01-21T10:58:08.667342" level="DEBUG">http://127.0.0.1:4723 "POST /session/4cbd7744-1dc6-4af6-9012-bf9c7086eb59/elements HTTP/1.1" 200 0</msg>
<msg time="2026-01-21T10:58:08.667484" level="DEBUG">Remote response: status=200 | data={"value":[]} | headers=HTTPHeaderDict({'X-Powered-By': 'Express', 'Vary': 'X-HTTP-Method-Override', 'Content-Type': 'application/json; charset=utf-8', 'Content-Length': '12', 'ETag': 'W/"c-ct3goOI+b+kRZv2R9j2fTtMXwkk"', 'Date': 'Wed, 21 Jan 2026 05:28:08 GMT', 'Connection': 'keep-alive', 'Keep-Alive': 'timeout=600'})</msg>
<msg time="2026-01-21T10:58:08.667542" level="DEBUG">Finished Request</msg>
<msg time="2026-01-21T10:58:08.868182" level="DEBUG">POST http://127.0.0.1:4723/session/4cbd7744-1dc6-4af6-9012-bf9c7086eb59/elements {'using': 'xpath', 'value': '//android.widget.EditText[@resource-id="iptLgnPlnPD"]'}</msg>
<msg time="2026-01-21T10:58:08.868999" level="DEBUG">Starting new HTTP connection (1): 127.0.0.1:4723</msg>
<msg time="2026-01-21T10:58:08.921192" level="DEBUG">http://127.0.0.1:4723 "POST /session/4cbd7744-1dc6-4af6-9012-bf9c7086eb59/elements HTTP/1.1" 200 0</msg>
<msg time="2026-01-21T10:58:08.921347" level="DEBUG">Remote response: status=200 | data={"value":[]} | headers=HTTPHeaderDict({'X-Powered-By': 'Express', 'Vary': 'X-HTTP-Method-Override', 'Content-Type': 'application/json; charset=utf-8', 'Content-Length': '12', 'ETag': 'W/"c-ct3goOI+b+kRZv2R9j2fTtMXwkk"', 'Date': 'Wed, 21 Jan 2026 05:28:08 GMT', 'Connection': 'keep-alive', 'Keep-Alive': 'timeout=600'})</msg>
<msg time="2026-01-21T10:58:08.921441" level="DEBUG">Finished Request</msg>
<msg time="2026-01-21T10:58:09.121959" level="DEBUG">POST http://127.0.0.1:4723/session/4cbd7744-1dc6-4af6-9012-bf9c7086eb59/elements {'using': 'xpath', 'value': '//android.widget.EditText[@resource-id="iptLgnPlnPD"]'}</msg>
<msg time="2026-01-21T10:58:09.122375" level="DEBUG">Starting new HTTP connection (1): 127.0.0.1:4723</msg>
<msg time="2026-01-21T10:58:09.184011" level="DEBUG">http://127.0.0.1:4723 "POST /session/4cbd7744-1dc6-4af6-9012-bf9c7086eb59/elements HTTP/1.1" 200 0</msg>
<msg time="2026-01-21T10:58:09.184187" level="DEBUG">Remote response: status=200 | data={"value":[]} | headers=HTTPHeaderDict({'X-Powered-By': 'Express', 'Vary': 'X-HTTP-Method-Override', 'Content-Type': 'application/json; charset=utf-8', 'Content-Length': '12', 'ETag': 'W/"c-ct3goOI+b+kRZv2R9j2fTtMXwkk"', 'Date': 'Wed, 21 Jan 2026 05:28:09 GMT', 'Connection': 'keep-alive', 'Keep-Alive': 'timeout=600'})</msg>
<msg time="2026-01-21T10:58:09.184302" level="DEBUG">Finished Request</msg>
<msg time="2026-01-21T10:58:09.385275" level="DEBUG">POST http://127.0.0.1:4723/session/4cbd7744-1dc6-4af6-9012-bf9c7086eb59/elements {'using': 'xpath', 'value': '//android.widget.EditText[@resource-id="iptLgnPlnPD"]'}</msg>
<msg time="2026-01-21T10:58:09.385684" level="DEBUG">Starting new HTTP connection (1): 127.0.0.1:4723</msg>
<msg time="2026-01-21T10:58:10.613611" level="DEBUG">http://127.0.0.1:4723 "POST /session/4cbd7744-1dc6-4af6-9012-bf9c7086eb59/elements HTTP/1.1" 200 0</msg>
<msg time="2026-01-21T10:58:10.613750" level="DEBUG">Remote response: status=200 | data={"value":[{"element-6066-11e4-a52e-4f735466cecf":"00000000-0000-0071-0000-04a80000022d","ELEMENT":"00000000-0000-0071-0000-04a80000022d"}]} | headers=HTTPHeaderDict({'X-Powered-By': 'Express', 'Vary': 'X-HTTP-Method-Override', 'Content-Type': 'application/json; charset=utf-8', 'Content-Length': '139', 'ETag': 'W/"8b-KV45TOvu4SyLGB5473vMgizYD6Y"', 'Date': 'Wed, 21 Jan 2026 05:28:10 GMT', 'Connection': 'keep-alive', 'Keep-Alive': 'timeout=600'})</msg>
<msg time="2026-01-21T10:58:10.613811" level="DEBUG">Finished Request</msg>
<msg time="2026-01-21T10:58:10.614110" level="DEBUG">GET http://127.0.0.1:4723/session/4cbd7744-1dc6-4af6-9012-bf9c7086eb59/element/00000000-0000-0071-0000-04a80000022d/displayed {}</msg>
<msg time="2026-01-21T10:58:10.614421" level="DEBUG">Starting new HTTP connection (1): 127.0.0.1:4723</msg>
<msg time="2026-01-21T10:58:10.629440" level="DEBUG">http://127.0.0.1:4723 "GET /session/4cbd7744-1dc6-4af6-9012-bf9c7086eb59/element/00000000-0000-0071-0000-04a80000022d/displayed HTTP/1.1" 200 0</msg>
<msg time="2026-01-21T10:58:10.629569" level="DEBUG">Remote response: status=200 | data={"value":true} | headers=HTTPHeaderDict({'X-Powered-By': 'Express', 'Content-Type': 'application/json; charset=utf-8', 'Content-Length': '14', 'ETag': 'W/"e-2ZHvAWebNQpyjGZTg6uyV8/spTo"', 'Date': 'Wed, 21 Jan 2026 05:28:10 GMT', 'Connection': 'keep-alive', 'Keep-Alive': 'timeout=600'})</msg>
<msg time="2026-01-21T10:58:10.629624" level="DEBUG">Finished Request</msg>
<msg time="2026-01-21T10:58:10.629830" level="INFO">xpath criteria: //android.widget.EditText[@resource-id="iptLgnPlnPD"]
xpath criteria: //android.widget.EditText[@resource-id="iptLgnPlnPD"]
xpath criteria: //android.widget.EditText[@resource-id="iptLgnPlnPD"]
xpath criteria: //android.widget.EditText[@resource-id="iptLgnPlnPD"]
xpath criteria: //android.widget.EditText[@resource-id="iptLgnPlnPD"]</msg>
<msg time="2026-01-21T10:58:10.629882" level="TRACE">Return: None</msg>
<arg>${SignIn-Password-Field}</arg>
<doc>Waits until the element specified by the ``locator`` is visible.</doc>
<status status="PASS" start="2026-01-21T10:58:08.327683" elapsed="2.302241"/>
</kw>
<kw name="Input Text" owner="AppiumLibrary">
<msg time="2026-01-21T10:58:10.630330" level="TRACE">Arguments: [ '//android.widget.EditText[@resource-id="iptLgnPlnPD"]' | 'Vasupujy@3' ]</msg>
<msg time="2026-01-21T10:58:10.631312" level="INFO">Typing text 'Vasupujy@3' into text field '//android.widget.EditText[@resource-id="iptLgnPlnPD"]'</msg>
<msg time="2026-01-21T10:58:10.631437" level="DEBUG">POST http://127.0.0.1:4723/session/4cbd7744-1dc6-4af6-9012-bf9c7086eb59/elements {'using': 'xpath', 'value': '//android.widget.EditText[@resource-id="iptLgnPlnPD"]'}</msg>
<msg time="2026-01-21T10:58:10.631697" level="DEBUG">Starting new HTTP connection (1): 127.0.0.1:4723</msg>
<msg time="2026-01-21T10:58:10.683742" level="DEBUG">http://127.0.0.1:4723 "POST /session/4cbd7744-1dc6-4af6-9012-bf9c7086eb59/elements HTTP/1.1" 200 0</msg>
<msg time="2026-01-21T10:58:10.683887" level="DEBUG">Remote response: status=200 | data={"value":[{"element-6066-11e4-a52e-4f735466cecf":"00000000-0000-0071-0000-04a80000022d","ELEMENT":"00000000-0000-0071-0000-04a80000022d"}]} | headers=HTTPHeaderDict({'X-Powered-By': 'Express', 'Vary': 'X-HTTP-Method-Override', 'Content-Type': 'application/json; charset=utf-8', 'Content-Length': '139', 'ETag': 'W/"8b-KV45TOvu4SyLGB5473vMgizYD6Y"', 'Date': 'Wed, 21 Jan 2026 05:28:10 GMT', 'Connection': 'keep-alive', 'Keep-Alive': 'timeout=600'})</msg>
<msg time="2026-01-21T10:58:10.683947" level="DEBUG">Finished Request</msg>
<msg time="2026-01-21T10:58:10.684292" level="DEBUG">POST http://127.0.0.1:4723/session/4cbd7744-1dc6-4af6-9012-bf9c7086eb59/element/00000000-0000-0071-0000-04a80000022d/value {'text': 'Vasupujy@3', 'value': ['V', 'a', 's', 'u', 'p', 'u', 'j', 'y', '@', '3']}</msg>
<msg time="2026-01-21T10:58:10.684633" level="DEBUG">Starting new HTTP connection (1): 127.0.0.1:4723</msg>
<msg time="2026-01-21T10:58:10.704097" level="DEBUG">http://127.0.0.1:4723 "POST /session/4cbd7744-1dc6-4af6-9012-bf9c7086eb59/element/00000000-0000-0071-0000-04a80000022d/value HTTP/1.1" 200 0</msg>
<msg time="2026-01-21T10:58:10.704274" level="DEBUG">Remote response: status=200 | data={"value":null} | headers=HTTPHeaderDict({'X-Powered-By': 'Express', 'Vary': 'X-HTTP-Method-Override', 'Content-Type': 'application/json; charset=utf-8', 'Content-Length': '14', 'ETag': 'W/"e-9/1BuKMgFObM1mWJm+YjxtXJnUM"', 'Date': 'Wed, 21 Jan 2026 05:28:10 GMT', 'Connection': 'keep-alive', 'Keep-Alive': 'timeout=600'})</msg>
<msg time="2026-01-21T10:58:10.704415" level="DEBUG">Finished Request</msg>
<msg time="2026-01-21T10:58:10.704658" level="INFO">xpath criteria: //android.widget.EditText[@resource-id="iptLgnPlnPD"]</msg>
<msg time="2026-01-21T10:58:10.704703" level="TRACE">Return: None</msg>
<arg>${SignIn-Password-Field}</arg>
<arg>${PASSWORD}</arg>
<doc>Types the given ``text`` into the text field identified by ``locator``.</doc>
<status status="PASS" start="2026-01-21T10:58:10.630090" elapsed="0.074657"/>
</kw>
<msg time="2026-01-21T10:58:10.704822" level="TRACE">Return: None</msg>
<arg>${PASSWORD}</arg>
<status status="PASS" start="2026-01-21T10:58:08.327348" elapsed="2.377508"/>
</kw>
<kw name="Submit Login" owner="android-res">
<msg time="2026-01-21T10:58:10.705208" level="TRACE">Arguments: [  ]</msg>
<kw name="Click Element" owner="AppiumLibrary">
<msg time="2026-01-21T10:58:10.705394" level="TRACE">Arguments: [ '//android.widget.Button[@resource-id="signInButton"]' ]</msg>
<msg time="2026-01-21T10:58:10.706217" level="INFO">Clicking element '//android.widget.Button[@resource-id="signInButton"]'.</msg>
<msg time="2026-01-21T10:58:10.706329" level="DEBUG">POST http://127.0.0.1:4723/session/4cbd7744-1dc6-4af6-9012-bf9c7086eb59/elements {'using': 'xpath', 'value': '//android.widget.Button[@resource-id="signInButton"]'}</msg>
<msg time="2026-01-21T10:58:10.706609" level="DEBUG">Starting new HTTP connection (1): 127.0.0.1:4723</msg>
<msg time="2026-01-21T10:58:10.777911" level="DEBUG">http://127.0.0.1:4723 "POST /session/4cbd7744-1dc6-4af6-9012-bf9c7086eb59/elements HTTP/1.1" 200 0</msg>
<msg time="2026-01-21T10:58:10.778126" level="DEBUG">Remote response: status=200 | data={"value":[{"element-6066-11e4-a52e-4f735466cecf":"00000000-0000-0071-0000-04c40000022d","ELEMENT":"00000000-0000-0071-0000-04c40000022d"}]} | headers=HTTPHeaderDict({'X-Powered-By': 'Express', 'Vary': 'X-HTTP-Method-Override', 'Content-Type': 'application/json; charset=utf-8', 'Content-Length': '139', 'ETag': 'W/"8b-nfcSIyld8bA7rx7CAEr7kJq5b2s"', 'Date': 'Wed, 21 Jan 2026 05:28:10 GMT', 'Connection': 'keep-alive', 'Keep-Alive': 'timeout=600'})</msg>
<msg time="2026-01-21T10:58:10.778230" level="DEBUG">Finished Request</msg>
<msg time="2026-01-21T10:58:10.778606" level="DEBUG">POST http://127.0.0.1:4723/session/4cbd7744-1dc6-4af6-9012-bf9c7086eb59/element/00000000-0000-0071-0000-04c40000022d/click {}</msg>
<msg time="2026-01-21T10:58:10.779093" level="DEBUG">Starting new HTTP connection (1): 127.0.0.1:4723</msg>
<msg time="2026-01-21T10:58:10.882555" level="DEBUG">http://127.0.0.1:4723 "POST /session/4cbd7744-1dc6-4af6-9012-bf9c7086eb59/element/00000000-0000-0071-0000-04c40000022d/click HTTP/1.1" 200 0</msg>
<msg time="2026-01-21T10:58:10.882818" level="DEBUG">Remote response: status=200 | data={"value":null} | headers=HTTPHeaderDict({'X-Powered-By': 'Express', 'Vary': 'X-HTTP-Method-Override', 'Content-Type': 'application/json; charset=utf-8', 'Content-Length': '14', 'ETag': 'W/"e-9/1BuKMgFObM1mWJm+YjxtXJnUM"', 'Date': 'Wed, 21 Jan 2026 05:28:10 GMT', 'Connection': 'keep-alive', 'Keep-Alive': 'timeout=600'})</msg>
<msg time="2026-01-21T10:58:10.882998" level="DEBUG">Finished Request</msg>
<msg time="2026-01-21T10:58:10.883277" level="INFO">xpath criteria: //android.widget.Button[@resource-id="signInButton"]</msg>
<msg time="2026-01-21T10:58:10.883323" level="TRACE">Return: None</msg>
<arg>${SignIn-Button}</arg>
<doc>Clicks the element identified by ``locator``.</doc>
<status status="PASS" start="2026-01-21T10:58:10.705299" elapsed="0.178069"/>
</kw>
<msg time="2026-01-21T10:58:10.883448" level="TRACE">Return: None</msg>
<status status="PASS" start="2026-01-21T10:58:10.705045" elapsed="0.178436"/>
</kw>
<kw name="Verify Login is Successfull" owner="android-res">
<msg time="2026-01-21T10:58:10.883934" level="TRACE">Arguments: [  ]</msg>
<kw name="Sleep" owner="BuiltIn">
<msg time="2026-01-21T10:58:10.884333" level="TRACE">Arguments: [ datetime.timedelta(seconds=5) ]</msg>
<msg time="2026-01-21T10:58:15.885102" level="INFO">Slept 5 seconds.</msg>
<msg time="2026-01-21T10:58:15.885254" level="TRACE">Return: None</msg>
<arg>5s</arg>
<doc>Pauses the test executed for the given time.</doc>
<status status="PASS" start="2026-01-21T10:58:10.884044" elapsed="5.001264"/>
</kw>
<kw name="Wait Until Element Is Visible" owner="AppiumLibrary">
<msg time="2026-01-21T10:58:15.885870" level="TRACE">Arguments: [ '//android.widget.TextView[@resource-id="com.samsung.android.oneconnect:id/message_description"]' ]</msg>
<msg time="2026-01-21T10:58:15.886195" level="DEBUG">POST http://127.0.0.1:4723/session/4cbd7744-1dc6-4af6-9012-bf9c7086eb59/elements {'using': 'xpath', 'value': '//android.widget.TextView[@resource-id="com.samsung.android.oneconnect:id/message_description"]'}</msg>
<msg time="2026-01-21T10:58:15.886495" level="DEBUG">Starting new HTTP connection (1): 127.0.0.1:4723</msg>
<msg time="2026-01-21T10:58:15.914010" level="DEBUG">http://127.0.0.1:4723 "POST /session/4cbd7744-1dc6-4af6-9012-bf9c7086eb59/elements HTTP/1.1" 200 0</msg>
<msg time="2026-01-21T10:58:15.914152" level="DEBUG">Remote response: status=200 | data={"value":[]} | headers=HTTPHeaderDict({'X-Powered-By': 'Express', 'Vary': 'X-HTTP-Method-Override', 'Content-Type': 'application/json; charset=utf-8', 'Content-Length': '12', 'ETag': 'W/"c-ct3goOI+b+kRZv2R9j2fTtMXwkk"', 'Date': 'Wed, 21 Jan 2026 05:28:15 GMT', 'Connection': 'keep-alive', 'Keep-Alive': 'timeout=600'})</msg>
<msg time="2026-01-21T10:58:15.914208" level="DEBUG">Finished Request</msg>
<msg time="2026-01-21T10:58:16.114739" level="DEBUG">POST http://127.0.0.1:4723/session/4cbd7744-1dc6-4af6-9012-bf9c7086eb59/elements {'using': 'xpath', 'value': '//android.widget.TextView[@resource-id="com.samsung.android.oneconnect:id/message_description"]'}</msg>
<msg time="2026-01-21T10:58:16.115098" level="DEBUG">Starting new HTTP connection (1): 127.0.0.1:4723</msg>
<msg time="2026-01-21T10:58:16.138550" level="DEBUG">http://127.0.0.1:4723 "POST /session/4cbd7744-1dc6-4af6-9012-bf9c7086eb59/elements HTTP/1.1" 200 0</msg>
<msg time="2026-01-21T10:58:16.138655" level="DEBUG">Remote response: status=200 | data={"value":[]} | headers=HTTPHeaderDict({'X-Powered-By': 'Express', 'Vary': 'X-HTTP-Method-Override', 'Content-Type': 'application/json; charset=utf-8', 'Content-Length': '12', 'ETag': 'W/"c-ct3goOI+b+kRZv2R9j2fTtMXwkk"', 'Date': 'Wed, 21 Jan 2026 05:28:16 GMT', 'Connection': 'keep-alive', 'Keep-Alive': 'timeout=600'})</msg>
<msg time="2026-01-21T10:58:16.138697" level="DEBUG">Finished Request</msg>
<msg time="2026-01-21T10:58:16.339481" level="DEBUG">POST http://127.0.0.1:4723/session/4cbd7744-1dc6-4af6-9012-bf9c7086eb59/elements {'using': 'xpath', 'value': '//android.widget.TextView[@resource-id="com.samsung.android.oneconnect:id/message_description"]'}</msg>
<msg time="2026-01-21T10:58:16.339823" level="DEBUG">Starting new HTTP connection (1): 127.0.0.1:4723</msg>
<msg time="2026-01-21T10:58:16.361194" level="DEBUG">http://127.0.0.1:4723 "POST /session/4cbd7744-1dc6-4af6-9012-bf9c7086eb59/elements HTTP/1.1" 200 0</msg>
<msg time="2026-01-21T10:58:16.361301" level="DEBUG">Remote response: status=200 | data={"value":[]} | headers=HTTPHeaderDict({'X-Powered-By': 'Express', 'Vary': 'X-HTTP-Method-Override', 'Content-Type': 'application/json; charset=utf-8', 'Content-Length': '12', 'ETag': 'W/"c-ct3goOI+b+kRZv2R9j2fTtMXwkk"', 'Date': 'Wed, 21 Jan 2026 05:28:16 GMT', 'Connection': 'keep-alive', 'Keep-Alive': 'timeout=600'})</msg>
<msg time="2026-01-21T10:58:16.361345" level="DEBUG">Finished Request</msg>
<msg time="2026-01-21T10:58:16.561846" level="DEBUG">POST http://127.0.0.1:4723/session/4cbd7744-1dc6-4af6-9012-bf9c7086eb59/elements {'using': 'xpath', 'value': '//android.widget.TextView[@resource-id="com.samsung.android.oneconnect:id/message_description"]'}</msg>
<msg time="2026-01-21T10:58:16.562192" level="DEBUG">Starting new HTTP connection (1): 127.0.0.1:4723</msg>
<msg time="2026-01-21T10:58:16.634352" level="DEBUG">http://127.0.0.1:4723 "POST /session/4cbd7744-1dc6-4af6-9012-bf9c7086eb59/elements HTTP/1.1" 200 0</msg>
<msg time="2026-01-21T10:58:16.634615" level="DEBUG">Remote response: status=200 | data={"value":[]} | headers=HTTPHeaderDict({'X-Powered-By': 'Express', 'Vary': 'X-HTTP-Method-Override', 'Content-Type': 'application/json; charset=utf-8', 'Content-Length': '12', 'ETag': 'W/"c-ct3goOI+b+kRZv2R9j2fTtMXwkk"', 'Date': 'Wed, 21 Jan 2026 05:28:16 GMT', 'Connection': 'keep-alive', 'Keep-Alive': 'timeout=600'})</msg>
<msg time="2026-01-21T10:58:16.634684" level="DEBUG">Finished Request</msg>
<msg time="2026-01-21T10:58:16.835354" level="DEBUG">POST http://127.0.0.1:4723/session/4cbd7744-1dc6-4af6-9012-bf9c7086eb59/elements {'using': 'xpath', 'value': '//android.widget.TextView[@resource-id="com.samsung.android.oneconnect:id/message_description"]'}</msg>
<msg time="2026-01-21T10:58:16.835795" level="DEBUG">Starting new HTTP connection (1): 127.0.0.1:4723</msg>
<msg time="2026-01-21T10:58:17.365241" level="DEBUG">http://127.0.0.1:4723 "POST /session/4cbd7744-1dc6-4af6-9012-bf9c7086eb59/elements HTTP/1.1" 200 0</msg>
<msg time="2026-01-21T10:58:17.365442" level="DEBUG">Remote response: status=200 | data={"value":[]} | headers=HTTPHeaderDict({'X-Powered-By': 'Express', 'Vary': 'X-HTTP-Method-Override', 'Content-Type': 'application/json; charset=utf-8', 'Content-Length': '12', 'ETag': 'W/"c-ct3goOI+b+kRZv2R9j2fTtMXwkk"', 'Date': 'Wed, 21 Jan 2026 05:28:17 GMT', 'Connection': 'keep-alive', 'Keep-Alive': 'timeout=600'})</msg>
<msg time="2026-01-21T10:58:17.365581" level="DEBUG">Finished Request</msg>
<msg time="2026-01-21T10:58:17.566752" level="DEBUG">POST http://127.0.0.1:4723/session/4cbd7744-1dc6-4af6-9012-bf9c7086eb59/elements {'using': 'xpath', 'value': '//android.widget.TextView[@resource-id="com.samsung.android.oneconnect:id/message_description"]'}</msg>
<msg time="2026-01-21T10:58:17.567167" level="DEBUG">Starting new HTTP connection (1): 127.0.0.1:4723</msg>
<msg time="2026-01-21T10:58:18.172958" level="DEBUG">http://127.0.0.1:4723 "POST /session/4cbd7744-1dc6-4af6-9012-bf9c7086eb59/elements HTTP/1.1" 200 0</msg>
<msg time="2026-01-21T10:58:18.173132" level="DEBUG">Remote response: status=200 | data={"value":[]} | headers=HTTPHeaderDict({'X-Powered-By': 'Express', 'Vary': 'X-HTTP-Method-Override', 'Content-Type': 'application/json; charset=utf-8', 'Content-Length': '12', 'ETag': 'W/"c-ct3goOI+b+kRZv2R9j2fTtMXwkk"', 'Date': 'Wed, 21 Jan 2026 05:28:18 GMT', 'Connection': 'keep-alive', 'Keep-Alive': 'timeout=600'})</msg>
<msg time="2026-01-21T10:58:18.173202" level="DEBUG">Finished Request</msg>
<msg time="2026-01-21T10:58:18.373762" level="DEBUG">POST http://127.0.0.1:4723/session/4cbd7744-1dc6-4af6-9012-bf9c7086eb59/elements {'using': 'xpath', 'value': '//android.widget.TextView[@resource-id="com.samsung.android.oneconnect:id/message_description"]'}</msg>
<msg time="2026-01-21T10:58:18.374115" level="DEBUG">Starting new HTTP connection (1): 127.0.0.1:4723</msg>
<msg time="2026-01-21T10:58:18.421704" level="DEBUG">http://127.0.0.1:4723 "POST /session/4cbd7744-1dc6-4af6-9012-bf9c7086eb59/elements HTTP/1.1" 200 0</msg>
<msg time="2026-01-21T10:58:18.422187" level="DEBUG">Remote response: status=200 | data={"value":[]} | headers=HTTPHeaderDict({'X-Powered-By': 'Express', 'Vary': 'X-HTTP-Method-Override', 'Content-Type': 'application/json; charset=utf-8', 'Content-Length': '12', 'ETag': 'W/"c-ct3goOI+b+kRZv2R9j2fTtMXwkk"', 'Date': 'Wed, 21 Jan 2026 05:28:18 GMT', 'Connection': 'keep-alive', 'Keep-Alive': 'timeout=600'})</msg>
<msg time="2026-01-21T10:58:18.422430" level="DEBUG">Finished Request</msg>
<msg time="2026-01-21T10:58:18.623523" level="DEBUG">POST http://127.0.0.1:4723/session/4cbd7744-1dc6-4af6-9012-bf9c7086eb59/elements {'using': 'xpath', 'value': '//android.widget.TextView[@resource-id="com.samsung.android.oneconnect:id/message_description"]'}</msg>
<msg time="2026-01-21T10:58:18.623899" level="DEBUG">Starting new HTTP connection (1): 127.0.0.1:4723</msg>
<msg time="2026-01-21T10:58:18.676568" level="DEBUG">http://127.0.0.1:4723 "POST /session/4cbd7744-1dc6-4af6-9012-bf9c7086eb59/elements HTTP/1.1" 200 0</msg>
<msg time="2026-01-21T10:58:18.676823" level="DEBUG">Remote response: status=200 | data={"value":[]} | headers=HTTPHeaderDict({'X-Powered-By': 'Express', 'Vary': 'X-HTTP-Method-Override', 'Content-Type': 'application/json; charset=utf-8', 'Content-Length': '12', 'ETag': 'W/"c-ct3goOI+b+kRZv2R9j2fTtMXwkk"', 'Date': 'Wed, 21 Jan 2026 05:28:18 GMT', 'Connection': 'keep-alive', 'Keep-Alive': 'timeout=600'})</msg>
<msg time="2026-01-21T10:58:18.676904" level="DEBUG">Finished Request</msg>
<msg time="2026-01-21T10:58:18.877944" level="DEBUG">POST http://127.0.0.1:4723/session/4cbd7744-1dc6-4af6-9012-bf9c7086eb59/elements {'using': 'xpath', 'value': '//android.widget.TextView[@resource-id="com.samsung.android.oneconnect:id/message_description"]'}</msg>
<msg time="2026-01-21T10:58:18.878290" level="DEBUG">Starting new HTTP connection (1): 127.0.0.1:4723</msg>
<msg time="2026-01-21T10:58:18.926051" level="DEBUG">http://127.0.0.1:4723 "POST /session/4cbd7744-1dc6-4af6-9012-bf9c7086eb59/elements HTTP/1.1" 200 0</msg>
<msg time="2026-01-21T10:58:18.926238" level="DEBUG">Remote response: status=200 | data={"value":[]} | headers=HTTPHeaderDict({'X-Powered-By': 'Express', 'Vary': 'X-HTTP-Method-Override', 'Content-Type': 'application/json; charset=utf-8', 'Content-Length': '12', 'ETag': 'W/"c-ct3goOI+b+kRZv2R9j2fTtMXwkk"', 'Date': 'Wed, 21 Jan 2026 05:28:18 GMT', 'Connection': 'keep-alive', 'Keep-Alive': 'timeout=600'})</msg>
<msg time="2026-01-21T10:58:18.926293" level="DEBUG">Finished Request</msg>
<msg time="2026-01-21T10:58:19.127434" level="DEBUG">POST http://127.0.0.1:4723/session/4cbd7744-1dc6-4af6-9012-bf9c7086eb59/elements {'using': 'xpath', 'value': '//android.widget.TextView[@resource-id="com.samsung.android.oneconnect:id/message_description"]'}</msg>
<msg time="2026-01-21T10:58:19.127796" level="DEBUG">Starting new HTTP connection (1): 127.0.0.1:4723</msg>
<msg time="2026-01-21T10:58:19.202001" level="DEBUG">http://127.0.0.1:4723 "POST /session/4cbd7744-1dc6-4af6-9012-bf9c7086eb59/elements HTTP/1.1" 200 0</msg>
[...]
<msg time="2026-01-21T10:58:38.110871" level="DEBUG">Finished Request</msg>
<msg time="2026-01-21T10:58:38.111424" level="INFO">xpath criteria: //android.widget.TextView[@resource-id="android:id/title" and @text="Samsung account"]</msg>
<msg time="2026-01-21T10:58:38.111482" level="TRACE">Return: None</msg>
<arg>${Settings-Samsung-Account}</arg>
<doc>Clicks the element identified by ``locator``.</doc>
<status status="PASS" start="2026-01-21T10:58:37.980858" elapsed="0.130703"/>
</kw>
<msg time="2026-01-21T10:58:38.111686" level="TRACE">Return: None</msg>
<status status="PASS" start="2026-01-21T10:58:32.979232" elapsed="5.132586"/>
</kw>
<kw name="Click on Signout button" owner="android-res">
<msg time="2026-01-21T10:58:38.112285" level="TRACE">Arguments: [  ]</msg>
<kw name="Sleep" owner="BuiltIn">
<msg time="2026-01-21T10:58:38.112804" level="TRACE">Arguments: [ datetime.timedelta(seconds=5) ]</msg>
<msg time="2026-01-21T10:58:43.113485" level="INFO">Slept 5 seconds.</msg>
<msg time="2026-01-21T10:58:43.113669" level="TRACE">Return: None</msg>
<arg>5s</arg>
<doc>Pauses the test executed for the given time.</doc>
<status status="PASS" start="2026-01-21T10:58:38.112471" elapsed="5.001299"/>
</kw>
<kw name="Click Element" owner="AppiumLibrary">
<msg time="2026-01-21T10:58:43.114284" level="TRACE">Arguments: [ 'id=com.samsung.android.oneconnect:id/sign_out_btn' ]</msg>
<msg time="2026-01-21T10:58:43.115667" level="INFO">Clicking element 'id=com.samsung.android.oneconnect:id/sign_out_btn'.</msg>
<msg time="2026-01-21T10:58:43.115823" level="DEBUG">POST http://127.0.0.1:4723/session/4cbd7744-1dc6-4af6-9012-bf9c7086eb59/elements {'using': 'id', 'value': 'com.samsung.android.oneconnect:id/sign_out_btn'}</msg>
<msg time="2026-01-21T10:58:43.116074" level="DEBUG">Starting new HTTP connection (1): 127.0.0.1:4723</msg>
<msg time="2026-01-21T10:58:43.138181" level="DEBUG">http://127.0.0.1:4723 "POST /session/4cbd7744-1dc6-4af6-9012-bf9c7086eb59/elements HTTP/1.1" 200 0</msg>
<msg time="2026-01-21T10:58:43.138284" level="DEBUG">Remote response: status=200 | data={"value":[{"element-6066-11e4-a52e-4f735466cecf":"00000000-0000-0074-ffff-ffff000003bf","ELEMENT":"00000000-0000-0074-ffff-ffff000003bf"}]} | headers=HTTPHeaderDict({'X-Powered-By': 'Express', 'Vary': 'X-HTTP-Method-Override', 'Content-Type': 'application/json; charset=utf-8', 'Content-Length': '139', 'ETag': 'W/"8b-OkTsouaIJTrFfz2i5NLLuGG1s5Q"', 'Date': 'Wed, 21 Jan 2026 05:28:43 GMT', 'Connection': 'keep-alive', 'Keep-Alive': 'timeout=600'})</msg>
<msg time="2026-01-21T10:58:43.138373" level="DEBUG">Finished Request</msg>
<msg time="2026-01-21T10:58:43.138544" level="DEBUG">POST http://127.0.0.1:4723/session/4cbd7744-1dc6-4af6-9012-bf9c7086eb59/element/00000000-0000-0074-ffff-ffff000003bf/click {}</msg>
<msg time="2026-01-21T10:58:43.138765" level="DEBUG">Starting new HTTP connection (1): 127.0.0.1:4723</msg>
<msg time="2026-01-21T10:58:44.943312" level="DEBUG">http://127.0.0.1:4723 "POST /session/4cbd7744-1dc6-4af6-9012-bf9c7086eb59/element/00000000-0000-0074-ffff-ffff000003bf/click HTTP/1.1" 200 0</msg>
<msg time="2026-01-21T10:58:44.943620" level="DEBUG">Remote response: status=200 | data={"value":null} | headers=HTTPHeaderDict({'X-Powered-By': 'Express', 'Vary': 'X-HTTP-Method-Override', 'Content-Type': 'application/json; charset=utf-8', 'Content-Length': '14', 'ETag': 'W/"e-9/1BuKMgFObM1mWJm+YjxtXJnUM"', 'Date': 'Wed, 21 Jan 2026 05:28:44 GMT', 'Connection': 'keep-alive', 'Keep-Alive': 'timeout=600'})</msg>
<msg time="2026-01-21T10:58:44.943756" level="DEBUG">Finished Request</msg>
<msg time="2026-01-21T10:58:44.944067" level="INFO">criteria is com.samsung.android.oneconnect:id/sign_out_btn</msg>
<msg time="2026-01-21T10:58:44.944135" level="TRACE">Return: None</msg>
<arg>${Account-Signout-Button}</arg>
<doc>Clicks the element identified by ``locator``.</doc>
<status status="PASS" start="2026-01-21T10:58:43.114046" elapsed="1.830159"/>
</kw>
<kw name="Wait Until Element Is Visible" owner="AppiumLibrary">
<msg time="2026-01-21T10:58:44.944683" level="TRACE">Arguments: [ '//android.widget.Button[@resource-id="signOut"]' ]</msg>
<msg time="2026-01-21T10:58:44.944913" level="DEBUG">POST http://127.0.0.1:4723/session/4cbd7744-1dc6-4af6-9012-bf9c7086eb59/elements {'using': 'xpath', 'value': '//android.widget.Button[@resource-id="signOut"]'}</msg>
<msg time="2026-01-21T10:58:44.945279" level="DEBUG">Starting new HTTP connection (1): 127.0.0.1:4723</msg>
<msg time="2026-01-21T10:58:44.981168" level="DEBUG">http://127.0.0.1:4723 "POST /session/4cbd7744-1dc6-4af6-9012-bf9c7086eb59/elements HTTP/1.1" 200 0</msg>
<msg time="2026-01-21T10:58:44.981379" level="DEBUG">Remote response: status=200 | data={"value":[]} | headers=HTTPHeaderDict({'X-Powered-By': 'Express', 'Vary': 'X-HTTP-Method-Override', 'Content-Type': 'application/json; charset=utf-8', 'Content-Length': '12', 'ETag': 'W/"c-ct3goOI+b+kRZv2R9j2fTtMXwkk"', 'Date': 'Wed, 21 Jan 2026 05:28:44 GMT', 'Connection': 'keep-alive', 'Keep-Alive': 'timeout=600'})</msg>
<msg time="2026-01-21T10:58:44.981452" level="DEBUG">Finished Request</msg>
<msg time="2026-01-21T10:58:45.182695" level="DEBUG">POST http://127.0.0.1:4723/session/4cbd7744-1dc6-4af6-9012-bf9c7086eb59/elements {'using': 'xpath', 'value': '//android.widget.Button[@resource-id="signOut"]'}</msg>
<msg time="2026-01-21T10:58:45.183037" level="DEBUG">Starting new HTTP connection (1): 127.0.0.1:4723</msg>
<msg time="2026-01-21T10:58:45.218768" level="DEBUG">http://127.0.0.1:4723 "POST /session/4cbd7744-1dc6-4af6-9012-bf9c7086eb59/elements HTTP/1.1" 200 0</msg>
<msg time="2026-01-21T10:58:45.218869" level="DEBUG">Remote response: status=200 | data={"value":[]} | headers=HTTPHeaderDict({'X-Powered-By': 'Express', 'Vary': 'X-HTTP-Method-Override', 'Content-Type': 'application/json; charset=utf-8', 'Content-Length': '12', 'ETag': 'W/"c-ct3goOI+b+kRZv2R9j2fTtMXwkk"', 'Date': 'Wed, 21 Jan 2026 05:28:45 GMT', 'Connection': 'keep-alive', 'Keep-Alive': 'timeout=600'})</msg>
<msg time="2026-01-21T10:58:45.218909" level="DEBUG">Finished Request</msg>
<msg time="2026-01-21T10:58:45.419477" level="DEBUG">POST http://127.0.0.1:4723/session/4cbd7744-1dc6-4af6-9012-bf9c7086eb59/elements {'using': 'xpath', 'value': '//android.widget.Button[@resource-id="signOut"]'}</msg>
<msg time="2026-01-21T10:58:45.419862" level="DEBUG">Starting new HTTP connection (1): 127.0.0.1:4723</msg>
<msg time="2026-01-21T10:58:45.445616" level="DEBUG">http://127.0.0.1:4723 "POST /session/4cbd7744-1dc6-4af6-9012-bf9c7086eb59/elements HTTP/1.1" 200 0</msg>
<msg time="2026-01-21T10:58:45.445791" level="DEBUG">Remote response: status=200 | data={"value":[]} | headers=HTTPHeaderDict({'X-Powered-By': 'Express', 'Vary': 'X-HTTP-Method-Override', 'Content-Type': 'application/json; charset=utf-8', 'Content-Length': '12', 'ETag': 'W/"c-ct3goOI+b+kRZv2R9j2fTtMXwkk"', 'Date': 'Wed, 21 Jan 2026 05:28:45 GMT', 'Connection': 'keep-alive', 'Keep-Alive': 'timeout=600'})</msg>
<msg time="2026-01-21T10:58:45.445863" level="DEBUG">Finished Request</msg>
<msg time="2026-01-21T10:58:45.646309" level="DEBUG">POST http://127.0.0.1:4723/session/4cbd7744-1dc6-4af6-9012-bf9c7086eb59/elements {'using': 'xpath', 'value': '//android.widget.Button[@resource-id="signOut"]'}</msg>
<msg time="2026-01-21T10:58:45.646584" level="DEBUG">Starting new HTTP connection (1): 127.0.0.1:4723</msg>
<msg time="2026-01-21T10:58:45.672668" level="DEBUG">http://127.0.0.1:4723 "POST /session/4cbd7744-1dc6-4af6-9012-bf9c7086eb59/elements HTTP/1.1" 200 0</msg>
<msg time="2026-01-21T10:58:45.672779" level="DEBUG">Remote response: status=200 | data={"value":[]} | headers=HTTPHeaderDict({'X-Powered-By': 'Express', 'Vary': 'X-HTTP-Method-Override', 'Content-Type': 'application/json; charset=utf-8', 'Content-Length': '12', 'ETag': 'W/"c-ct3goOI+b+kRZv2R9j2fTtMXwkk"', 'Date': 'Wed, 21 Jan 2026 05:28:45 GMT', 'Connection': 'keep-alive', 'Keep-Alive': 'timeout=600'})</msg>
<msg time="2026-01-21T10:58:45.672820" level="DEBUG">Finished Request</msg>
<msg time="2026-01-21T10:58:45.873624" level="DEBUG">POST http://127.0.0.1:4723/session/4cbd7744-1dc6-4af6-9012-bf9c7086eb59/elements {'using': 'xpath', 'value': '//android.widget.Button[@resource-id="signOut"]'}</msg>
<msg time="2026-01-21T10:58:45.873964" level="DEBUG">Starting new HTTP connection (1): 127.0.0.1:4723</msg>
<msg time="2026-01-21T10:58:45.899895" level="DEBUG">http://127.0.0.1:4723 "POST /session/4cbd7744-1dc6-4af6-9012-bf9c7086eb59/elements HTTP/1.1" 200 0</msg>
<msg time="2026-01-21T10:58:45.900127" level="DEBUG">Remote response: status=200 | data={"value":[]} | headers=HTTPHeaderDict({'X-Powered-By': 'Express', 'Vary': 'X-HTTP-Method-Override', 'Content-Type': 'application/json; charset=utf-8', 'Content-Length': '12', 'ETag': 'W/"c-ct3goOI+b+kRZv2R9j2fTtMXwkk"', 'Date': 'Wed, 21 Jan 2026 05:28:45 GMT', 'Connection': 'keep-alive', 'Keep-Alive': 'timeout=600'})</msg>
<msg time="2026-01-21T10:58:45.900290" level="DEBUG">Finished Request</msg>
<msg time="2026-01-21T10:58:46.100946" level="DEBUG">POST http://127.0.0.1:4723/session/4cbd7744-1dc6-4af6-9012-bf9c7086eb59/elements {'using': 'xpath', 'value': '//android.widget.Button[@resource-id="signOut"]'}</msg>
<msg time="2026-01-21T10:58:46.101370" level="DEBUG">Starting new HTTP connection (1): 127.0.0.1:4723</msg>
<msg time="2026-01-21T10:58:46.214171" level="DEBUG">http://127.0.0.1:4723 "POST /session/4cbd7744-1dc6-4af6-9012-bf9c7086eb59/elements HTTP/1.1" 200 0</msg>
<msg time="2026-01-21T10:58:46.214349" level="DEBUG">Remote response: status=200 | data={"value":[]} | headers=HTTPHeaderDict({'X-Powered-By': 'Express', 'Vary': 'X-HTTP-Method-Override', 'Content-Type': 'application/json; charset=utf-8', 'Content-Length': '12', 'ETag': 'W/"c-ct3goOI+b+kRZv2R9j2fTtMXwkk"', 'Date': 'Wed, 21 Jan 2026 05:28:46 GMT', 'Connection': 'keep-alive', 'Keep-Alive': 'timeout=600'})</msg>
<msg time="2026-01-21T10:58:46.214438" level="DEBUG">Finished Request</msg>
<msg time="2026-01-21T10:58:46.415288" level="DEBUG">POST http://127.0.0.1:4723/session/4cbd7744-1dc6-4af6-9012-bf9c7086eb59/elements {'using': 'xpath', 'value': '//android.widget.Button[@resource-id="signOut"]'}</msg>
<msg time="2026-01-21T10:58:46.415603" level="DEBUG">Starting new HTTP connection (1): 127.0.0.1:4723</msg>
<msg time="2026-01-21T10:58:47.569804" level="DEBUG">http://127.0.0.1:4723 "POST /session/4cbd7744-1dc6-4af6-9012-bf9c7086eb59/elements HTTP/1.1" 200 0</msg>
<msg time="2026-01-21T10:58:47.569973" level="DEBUG">Remote response: status=200 | data={"value":[{"element-6066-11e4-a52e-4f735466cecf":"00000000-0000-0075-0000-05c000000279","ELEMENT":"00000000-0000-0075-0000-05c000000279"}]} | headers=HTTPHeaderDict({'X-Powered-By': 'Express', 'Vary': 'X-HTTP-Method-Override', 'Content-Type': 'application/json; charset=utf-8', 'Content-Length': '139', 'ETag': 'W/"8b-jpq0HmuUOU0YhXZ3rTpjPoeiYvQ"', 'Date': 'Wed, 21 Jan 2026 05:28:47 GMT', 'Connection': 'keep-alive', 'Keep-Alive': 'timeout=600'})</msg>
<msg time="2026-01-21T10:58:47.570107" level="DEBUG">Finished Request</msg>
<msg time="2026-01-21T10:58:47.570406" level="DEBUG">GET http://127.0.0.1:4723/session/4cbd7744-1dc6-4af6-9012-bf9c7086eb59/element/00000000-0000-0075-0000-05c000000279/displayed {}</msg>
<msg time="2026-01-21T10:58:47.570738" level="DEBUG">Starting new HTTP connection (1): 127.0.0.1:4723</msg>
<msg time="2026-01-21T10:58:47.586563" level="DEBUG">http://127.0.0.1:4723 "GET /session/4cbd7744-1dc6-4af6-9012-bf9c7086eb59/element/00000000-0000-0075-0000-05c000000279/displayed HTTP/1.1" 200 0</msg>
<msg time="2026-01-21T10:58:47.586719" level="DEBUG">Remote response: status=200 | data={"value":true} | headers=HTTPHeaderDict({'X-Powered-By': 'Express', 'Content-Type': 'application/json; charset=utf-8', 'Content-Length': '14', 'ETag': 'W/"e-2ZHvAWebNQpyjGZTg6uyV8/spTo"', 'Date': 'Wed, 21 Jan 2026 05:28:47 GMT', 'Connection': 'keep-alive', 'Keep-Alive': 'timeout=600'})</msg>
<msg time="2026-01-21T10:58:47.586791" level="DEBUG">Finished Request</msg>
<msg time="2026-01-21T10:58:47.587046" level="INFO">xpath criteria: //android.widget.Button[@resource-id="signOut"]
xpath criteria: //android.widget.Button[@resource-id="signOut"]
xpath criteria: //android.widget.Button[@resource-id="signOut"]
xpath criteria: //android.widget.Button[@resource-id="signOut"]
xpath criteria: //android.widget.Button[@resource-id="signOut"]
xpath criteria: //android.widget.Button[@resource-id="signOut"]
xpath criteria: //android.widget.Button[@resource-id="signOut"]</msg>
<msg time="2026-01-21T10:58:47.587097" level="TRACE">Return: None</msg>
<arg>${Account-Sync-Signout-Button}</arg>
<doc>Waits until the element specified by the ``locator`` is visible.</doc>
<status status="PASS" start="2026-01-21T10:58:44.944506" elapsed="2.642631"/>
</kw>
<kw name="Click Element" owner="AppiumLibrary">
<msg time="2026-01-21T10:58:47.587421" level="TRACE">Arguments: [ '//android.widget.Button[@resource-id="signOut"]' ]</msg>
<msg time="2026-01-21T10:58:47.588361" level="INFO">Clicking element '//android.widget.Button[@resource-id="signOut"]'.</msg>
<msg time="2026-01-21T10:58:47.588481" level="DEBUG">POST http://127.0.0.1:4723/session/4cbd7744-1dc6-4af6-9012-bf9c7086eb59/elements {'using': 'xpath', 'value': '//android.widget.Button[@resource-id="signOut"]'}</msg>
<msg time="2026-01-21T10:58:47.588741" level="DEBUG">Starting new HTTP connection (1): 127.0.0.1:4723</msg>
<msg time="2026-01-21T10:58:47.622134" level="DEBUG">http://127.0.0.1:4723 "POST /session/4cbd7744-1dc6-4af6-9012-bf9c7086eb59/elements HTTP/1.1" 200 0</msg>
<msg time="2026-01-21T10:58:47.622293" level="DEBUG">Remote response: status=200 | data={"value":[{"element-6066-11e4-a52e-4f735466cecf":"00000000-0000-0075-0000-05c000000279","ELEMENT":"00000000-0000-0075-0000-05c000000279"}]} | headers=HTTPHeaderDict({'X-Powered-By': 'Express', 'Vary': 'X-HTTP-Method-Override', 'Content-Type': 'application/json; charset=utf-8', 'Content-Length': '139', 'ETag': 'W/"8b-jpq0HmuUOU0YhXZ3rTpjPoeiYvQ"', 'Date': 'Wed, 21 Jan 2026 05:28:47 GMT', 'Connection': 'keep-alive', 'Keep-Alive': 'timeout=600'})</msg>
<msg time="2026-01-21T10:58:47.622359" level="DEBUG">Finished Request</msg>
<msg time="2026-01-21T10:58:47.622641" level="DEBUG">POST http://127.0.0.1:4723/session/4cbd7744-1dc6-4af6-9012-bf9c7086eb59/element/00000000-0000-0075-0000-05c000000279/click {}</msg>
<msg time="2026-01-21T10:58:47.623093" level="DEBUG">Starting new HTTP connection (1): 127.0.0.1:4723</msg>
<msg time="2026-01-21T10:58:47.707528" level="DEBUG">http://127.0.0.1:4723 "POST /session/4cbd7744-1dc6-4af6-9012-bf9c7086eb59/element/00000000-0000-0075-0000-05c000000279/click HTTP/1.1" 200 0</msg>
<msg time="2026-01-21T10:58:47.707684" level="DEBUG">Remote response: status=200 | data={"value":null} | headers=HTTPHeaderDict({'X-Powered-By': 'Express', 'Vary': 'X-HTTP-Method-Override', 'Content-Type': 'application/json; charset=utf-8', 'Content-Length': '14', 'ETag': 'W/"e-9/1BuKMgFObM1mWJm+YjxtXJnUM"', 'Date': 'Wed, 21 Jan 2026 05:28:47 GMT', 'Connection': 'keep-alive', 'Keep-Alive': 'timeout=600'})</msg>
<msg time="2026-01-21T10:58:47.707753" level="DEBUG">Finished Request</msg>
<msg time="2026-01-21T10:58:47.707968" level="INFO">xpath criteria: //android.widget.Button[@resource-id="signOut"]</msg>
<msg time="2026-01-21T10:58:47.708016" level="TRACE">Return: None</msg>
<arg>${Account-Sync-Signout-Button}</arg>
<doc>Clicks the element identified by ``locator``.</doc>
<status status="PASS" start="2026-01-21T10:58:47.587282" elapsed="0.120780"/>
</kw>
<msg time="2026-01-21T10:58:47.708148" level="TRACE">Return: None</msg>
<status status="PASS" start="2026-01-21T10:58:38.112070" elapsed="9.596107"/>
</kw>
<kw name="Verify Logout is Successful" owner="android-res">
<msg time="2026-01-21T10:58:47.708634" level="TRACE">Arguments: [  ]</msg>
<kw name="Sleep" owner="BuiltIn">
<msg time="2026-01-21T10:58:47.708944" level="TRACE">Arguments: [ datetime.timedelta(seconds=5) ]</msg>
<msg time="2026-01-21T10:58:52.709444" level="INFO">Slept 5 seconds.</msg>
<msg time="2026-01-21T10:58:52.709628" level="TRACE">Return: None</msg>
<arg>5s</arg>
<doc>Pauses the test executed for the given time.</doc>
<status status="PASS" start="2026-01-21T10:58:47.708726" elapsed="5.001009"/>
</kw>
<kw name="Wait Until Element Is Visible" owner="AppiumLibrary">
<msg time="2026-01-21T10:58:52.710356" level="TRACE">Arguments: [ '//android.widget.TextView[@text="SmartThings settings"]' ]</msg>
<msg time="2026-01-21T10:58:52.710784" level="DEBUG">POST http://127.0.0.1:4723/session/4cbd7744-1dc6-4af6-9012-bf9c7086eb59/elements {'using': 'xpath', 'value': '//android.widget.TextView[@text="SmartThings settings"]'}</msg>
<msg time="2026-01-21T10:58:52.711519" level="DEBUG">Starting new HTTP connection (1): 127.0.0.1:4723</msg>
<msg time="2026-01-21T10:58:52.774596" level="DEBUG">http://127.0.0.1:4723 "POST /session/4cbd7744-1dc6-4af6-9012-bf9c7086eb59/elements HTTP/1.1" 200 0</msg>
<msg time="2026-01-21T10:58:52.774734" level="DEBUG">Remote response: status=200 | data={"value":[{"element-6066-11e4-a52e-4f735466cecf":"00000000-0000-0073-ffff-ffff00000285","ELEMENT":"00000000-0000-0073-ffff-ffff00000285"}]} | headers=HTTPHeaderDict({'X-Powered-By': 'Express', 'Vary': 'X-HTTP-Method-Override', 'Content-Type': 'application/json; charset=utf-8', 'Content-Length': '139', 'ETag': 'W/"8b-Gp5Q66i+PFty9mZXbJoCzgp+qYc"', 'Date': 'Wed, 21 Jan 2026 05:28:52 GMT', 'Connection': 'keep-alive', 'Keep-Alive': 'timeout=600'})</msg>
<msg time="2026-01-21T10:58:52.774793" level="DEBUG">Finished Request</msg>
<msg time="2026-01-21T10:58:52.775028" level="DEBUG">GET http://127.0.0.1:4723/session/4cbd7744-1dc6-4af6-9012-bf9c7086eb59/element/00000000-0000-0073-ffff-ffff00000285/displayed {}</msg>
<msg time="2026-01-21T10:58:52.775337" level="DEBUG">Starting new HTTP connection (1): 127.0.0.1:4723</msg>
<msg time="2026-01-21T10:58:52.788222" level="DEBUG">http://127.0.0.1:4723 "GET /session/4cbd7744-1dc6-4af6-9012-bf9c7086eb59/element/00000000-0000-0073-ffff-ffff00000285/displayed HTTP/1.1" 200 0</msg>
<msg time="2026-01-21T10:58:52.788354" level="DEBUG">Remote response: status=200 | data={"value":true} | headers=HTTPHeaderDict({'X-Powered-By': 'Express', 'Content-Type': 'application/json; charset=utf-8', 'Content-Length': '14', 'ETag': 'W/"e-2ZHvAWebNQpyjGZTg6uyV8/spTo"', 'Date': 'Wed, 21 Jan 2026 05:28:52 GMT', 'Connection': 'keep-alive', 'Keep-Alive': 'timeout=600'})</msg>
<msg time="2026-01-21T10:58:52.788411" level="DEBUG">Finished Request</msg>
<msg time="2026-01-21T10:58:52.788598" level="INFO">xpath criteria: //android.widget.TextView[@text="SmartThings settings"]</msg>
<msg time="2026-01-21T10:58:52.788629" level="TRACE">Return: None</msg>
<arg>${Setting-SmartThins-Settings-Title}</arg>
<doc>Waits until the element specified by the ``locator`` is visible.</doc>
<status status="PASS" start="2026-01-21T10:58:52.710056" elapsed="0.078609"/>
</kw>
<msg time="2026-01-21T10:58:52.788763" level="TRACE">Return: None</msg>
<status status="PASS" start="2026-01-21T10:58:47.708478" elapsed="5.080339"/>
</kw>
<msg time="2026-01-21T10:58:52.788901" level="TRACE">Return: None</msg>
<status status="PASS" start="2026-01-21T10:58:21.638617" elapsed="31.150304"/>
</kw>
<status status="PASS" start="2026-01-21T10:57:50.220928" elapsed="62.568213"/>
</test>
<status status="PASS" start="2026-01-21T10:57:49.926016" elapsed="62.863737"/>
</suite>
<statistics>
<total>
<stat pass="1" fail="0" skip="0">All Tests</stat>
</total>
<tag>
</tag>
<suite>
<stat name="Open Application" id="s1" pass="1" fail="0" skip="0">Open Application</stat>
</suite>
</statistics>
<errors>
</errors>
</robot>
